#
# A fatal error has been detected by the Java Runtime Environment:
#
#  SIGILL (0x4) at pc=0x00007f98e0d76284, pid=12405, tid=12406
#
# JRE version: OpenJDK Runtime Environment (11.0.21+9) (build 11.0.21+9-post-Ubuntu-0ubuntu122.04)
# Java VM: OpenJDK 64-Bit Server VM (11.0.21+9-post-Ubuntu-0ubuntu122.04, mixed mode, sharing, tiered, compressed oops, g1 gc, linux-amd64)
# Problematic frame:
# J 12 c1 java.lang.String.coder()B java.base@11.0.21 (15 bytes) @ 0x00007f98e0d76284 [0x00007f98e0d76240+0x0000000000000044]
#
# Core dump will be written. Default location: Core dumps may be processed with "/usr/share/apport/apport -p%p -s%s -c%c -d%d -P%P -u%u -g%g -- %E" (or dumping to /home/sadman/GitRepos/datasys/data-dev/wasm/source/java/sort/src/main/java/core.12405)
#
# If you would like to submit a bug report, please visit:
#   https://bugs.launchpad.net/ubuntu/+source/openjdk-lts
#

---------------  S U M M A R Y ------------

Command Line: com.example.sort.Sort 3 10

Host: QEMU Virtual CPU version 2.5+, 8 cores, 5G, Ubuntu 22.04.3 LTS
Time: Fri Dec  8 15:39:20 2023 UTC elapsed time: 0.479497 seconds (0d 0h 0m 0s)

---------------  T H R E A D  ---------------

Current thread (0x00007f98f8015000):  JavaThread "main" [_thread_in_Java, id=12406, stack(0x00007f98fc75c000,0x00007f98fc85c000)]

Stack: [0x00007f98fc75c000,0x00007f98fc85c000],  sp=0x00007f98fc85a658,  free space=1017k
Native frames: (J=compiled Java code, A=aot compiled Java code, j=interpreted, Vv=VM code, C=native code)
J 12 c1 java.lang.String.coder()B java.base@11.0.21 (15 bytes) @ 0x00007f98e0d76284 [0x00007f98e0d76240+0x0000000000000044]

[error occurred during error reporting (printing native stack), id 0xb, SIGSEGV (0xb) at pc=0x00007f98fd2cc15c]


siginfo: si_signo: 4 (SIGILL), si_code: 2 (ILL_ILLOPN), si_addr: 0x00007f98e0d76284

Register to memory mapping:

RAX=0x0000000800335ae0 is pointing into metadata
RBX=0x0000000800335ae0 is pointing into metadata
RCX=0x00000000a9560008 points into unknown readable memory: 0x0000000000000005 | 05 00 00 00 00 00 00 00
RDX=0x0000000000500001 is an unknown value
RSP=0x00007f98fc85a658 is pointing into the stack for thread: 0x00007f98f8015000
RBP=0x00007f98fc85a6c0 is pointing into the stack for thread: 0x00007f98f8015000
RSI=0x00000000a9560009 points into unknown readable memory: 00 00 00 00 00 00 00
RDI=0x0000000800332c69 is pointing into metadata
R8 =0x0 is NULL
R9 =0x000000000000007a is an unknown value
R10=0x00007f98fde4e1e0: <offset 0x00000000012bf1e0> in /usr/lib/jvm/java-11-openjdk-amd64/lib/server/libjvm.so at 0x00007f98fcb8f000
R11=0x00007f98e0d76280 is at entry_point+64 in (nmethod*)0x00007f98e0d76090
R12=0x0 is NULL
R13=0x00007f98fc85a670 is pointing into the stack for thread: 0x00007f98f8015000
R14=0x00007f98fc85a6e8 is pointing into the stack for thread: 0x00007f98f8015000
R15=0x00007f98f8015000 is a thread


Registers:
RAX=0x0000000800335ae0, RBX=0x0000000800335ae0, RCX=0x00000000a9560008, RDX=0x0000000000500001
RSP=0x00007f98fc85a658, RBP=0x00007f98fc85a6c0, RSI=0x00000000a9560009, RDI=0x0000000800332c69
R8 =0x0000000000000000, R9 =0x000000000000007a, R10=0x00007f98fde4e1e0, R11=0x00007f98e0d76280
R12=0x0000000000000000, R13=0x00007f98fc85a670, R14=0x00007f98fc85a6e8, R15=0x00007f98f8015000
RIP=0x00007f98e0d76284, EFLAGS=0x0000000000000a83, CSGSFS=0x002b000000000033, ERR=0x0000000000000000
  TRAPNO=0x0000000000000006

Top of Stack: (sp=0x00007f98fc85a658)
0x00007f98fc85a658:   00007f98e07e7940 00000000a9560068
0x00007f98fc85a668:   00007f98e07e7940 00000000a9560008
0x00007f98fc85a678:   00007f98fc85a678 0000000800963c0b
0x00007f98fc85a688:   00007f98fc85a6e8 00000008003332a8 

Instructions: (pc=0x00007f98e0d76284)
0x00007f98e0d76184:   00 00 00 00 40 62 d7 e0 98 7f 00 00 80 62 d7 e0
0x00007f98e0d76194:   98 7f 00 00 40 62 d7 e0 98 7f 00 00 d0 02 00 00
0x00007f98e0d761a4:   7e 02 00 00 b0 01 00 00 d0 02 00 00 00 03 00 00
0x00007f98e0d761b4:   00 03 00 00 00 00 00 00 18 03 00 00 48 03 00 00
0x00007f98e0d761c4:   50 03 00 00 50 03 00 00 50 03 00 00 20 00 00 00
0x00007f98e0d761d4:   0c 00 00 00 03 00 00 00 00 00 00 02 00 00 00 00
0x00007f98e0d761e4:   02 00 00 00 00 00 00 00 00 00 00 00 01 00 00 00
0x00007f98e0d761f4:   00 00 00 00 e0 01 00 00 ff ff ff ff ff ff ff ff
0x00007f98e0d76204:   00 00 00 00 1b 60 31 c0 28 c0 14 c0 22 b0 04 c0
0x00007f98e0d76214:   17 64 37 64 24 00 00 64 03 f8 ac fd 66 98 98 7f
0x00007f98e0d76224:   05 70 0e 64 01 f8 9e ff 06 90 0c 64 00 00 00 00
0x00007f98e0d76234:   00 00 00 00 00 00 00 00 00 00 00 00 44 8b 56 08
0x00007f98e0d76244:   49 c1 e2 03 49 bc 00 00 00 00 08 00 00 00 4d 03
0x00007f98e0d76254:   d4 4d 33 e4 4c 3b d0 0f 85 1f 2e ab ff 66 66 66
0x00007f98e0d76264:   0f 1f 84 00 00 00 00 00 66 66 0f 1f 84 00 00 00
0x00007f98e0d76274:   00 00 66 66 0f 1f 84 00 00 00 00 00 e9 7b ff a6
0x00007f98e0d76284:   ff fe ff 55 48 83 ec 30 48 b8 f8 08 71 d1 98 7f
0x00007f98e0d76294:   00 00 8b b8 00 01 00 00 83 c7 08 89 b8 00 01 00
0x00007f98e0d762a4:   00 81 e7 f8 1f 00 00 83 ff 00 0f 84 3a 00 00 00
0x00007f98e0d762b4:   48 b8 f8 08 71 d1 98 7f 00 00 ff 80 50 01 00 00
0x00007f98e0d762c4:   0f be 46 14 48 be f8 08 71 d1 98 7f 00 00 ff 86
0x00007f98e0d762d4:   60 01 00 00 c1 e0 18 c1 f8 18 48 83 c4 30 5d 4d
0x00007f98e0d762e4:   8b 97 08 01 00 00 41 85 02 c3 49 ba e0 5a 33 00
0x00007f98e0d762f4:   08 00 00 00 4c 89 54 24 08 48 c7 04 24 ff ff ff
0x00007f98e0d76304:   ff e8 f6 f9 b5 ff eb a8 90 90 49 8b 87 40 04 00
0x00007f98e0d76314:   00 49 ba 00 00 00 00 00 00 00 00 4d 89 97 40 04
0x00007f98e0d76324:   00 00 49 ba 00 00 00 00 00 00 00 00 4d 89 97 48
0x00007f98e0d76334:   04 00 00 48 83 c4 30 5d e9 bf 87 b5 ff f4 f4 f4
0x00007f98e0d76344:   f4 f4 f4 f4 f4 f4 f4 f4 f4 f4 f4 f4 f4 f4 f4 f4
0x00007f98e0d76354:   f4 f4 f4 f4 f4 f4 f4 f4 f4 f4 f4 f4 e8 9b c3 b5
0x00007f98e0d76364:   ff 48 bf 66 98 ac fd 98 7f 00 00 48 83 e4 f0 e8
0x00007f98e0d76374:   f8 21 8f 1c f4 49 ba 79 63 d7 e0 98 7f 00 00 41 


Stack slot to memory mapping:
stack at sp + 0 slots: 0x00007f98e07e7940 is at code_begin+0 in an Interpreter codelet
invoke return entry points  [0x00007f98e07e7940, 0x00007f98e07e8360]  2592 bytes
stack at sp + 1 slots: 0x00000000a9560068 points into unknown readable memory: 0x0000000000000005 | 05 00 00 00 00 00 00 00
stack at sp + 2 slots: 0x00007f98e07e7940 is at code_begin+0 in an Interpreter codelet
invoke return entry points  [0x00007f98e07e7940, 0x00007f98e07e8360]  2592 bytes
stack at sp + 3 slots: 0x00000000a9560008 points into unknown readable memory: 0x0000000000000005 | 05 00 00 00 00 00 00 00
stack at sp + 4 slots: 0x00007f98fc85a678 is pointing into the stack for thread: 0x00007f98f8015000
stack at sp + 5 slots: 0x0000000800963c0b is pointing into metadata
stack at sp + 6 slots: 0x00007f98fc85a6e8 is pointing into the stack for thread: 0x00007f98f8015000
stack at sp + 7 slots: 0x00000008003332a8 is pointing into metadata



---------------  P R O C E S S  ---------------

Threads class SMR info:
_java_thread_list=0x00007f98f8167740, length=9, elements={
0x00007f98f8015000, 0x00007f98f80fa000, 0x00007f98f80fc000, 0x00007f98f8101800,
0x00007f98f8103800, 0x00007f98f8105800, 0x00007f98f8107800, 0x00007f98f8109800,
0x00007f98f8165800
}

Java Threads: ( => current thread )
=>0x00007f98f8015000 JavaThread "main" [_thread_in_Java, id=12406, stack(0x00007f98fc75c000,0x00007f98fc85c000)]
  0x00007f98f80fa000 JavaThread "Reference Handler" daemon [_thread_blocked, id=12413, stack(0x00007f98d14fe000,0x00007f98d15fe000)]
  0x00007f98f80fc000 JavaThread "Finalizer" daemon [_thread_blocked, id=12414, stack(0x00007f98d13fe000,0x00007f98d14fe000)]
  0x00007f98f8101800 JavaThread "Signal Dispatcher" daemon [_thread_blocked, id=12415, stack(0x00007f98d1015000,0x00007f98d1115000)]
  0x00007f98f8103800 JavaThread "Service Thread" daemon [_thread_blocked, id=12416, stack(0x00007f98d0f15000,0x00007f98d1015000)]
  0x00007f98f8105800 JavaThread "C2 CompilerThread0" daemon [_thread_blocked, id=12417, stack(0x00007f98d0e15000,0x00007f98d0f15000)]
  0x00007f98f8107800 JavaThread "C1 CompilerThread0" daemon [_thread_in_vm, id=12418, stack(0x00007f98d0d15000,0x00007f98d0e15000)]
  0x00007f98f8109800 JavaThread "Sweeper thread" daemon [_thread_blocked, id=12419, stack(0x00007f98d0c15000,0x00007f98d0d15000)]
  0x00007f98f8165800 JavaThread "Common-Cleaner" daemon [_thread_blocked, id=12421, stack(0x00007f98d0a14000,0x00007f98d0b14000)]

Other Threads:
  0x00007f98f80f7000 VMThread "VM Thread" [stack: 0x00007f98d15ff000,0x00007f98d16ff000] [id=12412]
  0x00007f98f815b800 WatcherThread [stack: 0x00007f98d0b15000,0x00007f98d0c15000] [id=12420]
  0x00007f98f802e800 GCTaskThread "GC Thread#0" [stack: 0x00007f98fc421000,0x00007f98fc521000] [id=12407]
  0x00007f98f8055000 ConcurrentGCThread "G1 Main Marker" [stack: 0x00007f98d8af8000,0x00007f98d8bf8000] [id=12408]
  0x00007f98f8057000 ConcurrentGCThread "G1 Conc#0" [stack: 0x00007f98d89f7000,0x00007f98d8af7000] [id=12409]
  0x00007f98f80c6000 ConcurrentGCThread "G1 Refine#0" [stack: 0x00007f98d80ee000,0x00007f98d81ee000] [id=12410]
  0x00007f98f80c8000 ConcurrentGCThread "G1 Young RemSet Sampling" [stack: 0x00007f98d1f00000,0x00007f98d2000000] [id=12411]

Threads with active compile tasks:
C1 CompilerThread0      863   51       3       java.lang.String::compareTo (63 bytes)

VM state:not at safepoint (normal execution)

VM Mutex/Monitor currently owned by a thread: None

Heap address: 0x00000000a3800000, size: 1480 MB, Compressed Oops mode: 32-bit
Narrow klass base: 0x0000000800000000, Narrow klass shift: 3
Compressed class space size: 1073741824 Address: 0x0000000840000000

Heap:
 garbage-first heap   total 98304K, used 720K [0x00000000a3800000, 0x0000000100000000)
  region size 1024K, 1 young (1024K), 0 survivors (0K)
 Metaspace       used 172K, capacity 4490K, committed 4864K, reserved 1056768K
  class space    used 5K, capacity 386K, committed 512K, reserved 1048576K
Heap Regions: E=young(eden), S=young(survivor), O=old, HS=humongous(starts), HC=humongous(continues), CS=collection set, F=free, A=archive, TAMS=top-at-mark-start (previous, next)
|   0|0x00000000a3800000, 0x00000000a3800000, 0x00000000a3900000|  0%| F|  |TAMS 0x00000000a3800000, 0x00000000a3800000| Untracked 
|   1|0x00000000a3900000, 0x00000000a3900000, 0x00000000a3a00000|  0%| F|  |TAMS 0x00000000a3900000, 0x00000000a3900000| Untracked 
|   2|0x00000000a3a00000, 0x00000000a3a00000, 0x00000000a3b00000|  0%| F|  |TAMS 0x00000000a3a00000, 0x00000000a3a00000| Untracked 
|   3|0x00000000a3b00000, 0x00000000a3b00000, 0x00000000a3c00000|  0%| F|  |TAMS 0x00000000a3b00000, 0x00000000a3b00000| Untracked 
|   4|0x00000000a3c00000, 0x00000000a3c00000, 0x00000000a3d00000|  0%| F|  |TAMS 0x00000000a3c00000, 0x00000000a3c00000| Untracked 
|   5|0x00000000a3d00000, 0x00000000a3d00000, 0x00000000a3e00000|  0%| F|  |TAMS 0x00000000a3d00000, 0x00000000a3d00000| Untracked 
|   6|0x00000000a3e00000, 0x00000000a3e00000, 0x00000000a3f00000|  0%| F|  |TAMS 0x00000000a3e00000, 0x00000000a3e00000| Untracked 
|   7|0x00000000a3f00000, 0x00000000a3f00000, 0x00000000a4000000|  0%| F|  |TAMS 0x00000000a3f00000, 0x00000000a3f00000| Untracked 
|   8|0x00000000a4000000, 0x00000000a4000000, 0x00000000a4100000|  0%| F|  |TAMS 0x00000000a4000000, 0x00000000a4000000| Untracked 
|   9|0x00000000a4100000, 0x00000000a4100000, 0x00000000a4200000|  0%| F|  |TAMS 0x00000000a4100000, 0x00000000a4100000| Untracked 
|  10|0x00000000a4200000, 0x00000000a4200000, 0x00000000a4300000|  0%| F|  |TAMS 0x00000000a4200000, 0x00000000a4200000| Untracked 
|  11|0x00000000a4300000, 0x00000000a4300000, 0x00000000a4400000|  0%| F|  |TAMS 0x00000000a4300000, 0x00000000a4300000| Untracked 
|  12|0x00000000a4400000, 0x00000000a4400000, 0x00000000a4500000|  0%| F|  |TAMS 0x00000000a4400000, 0x00000000a4400000| Untracked 
|  13|0x00000000a4500000, 0x00000000a4500000, 0x00000000a4600000|  0%| F|  |TAMS 0x00000000a4500000, 0x00000000a4500000| Untracked 
|  14|0x00000000a4600000, 0x00000000a4600000, 0x00000000a4700000|  0%| F|  |TAMS 0x00000000a4600000, 0x00000000a4600000| Untracked 
|  15|0x00000000a4700000, 0x00000000a4700000, 0x00000000a4800000|  0%| F|  |TAMS 0x00000000a4700000, 0x00000000a4700000| Untracked 
|  16|0x00000000a4800000, 0x00000000a4800000, 0x00000000a4900000|  0%| F|  |TAMS 0x00000000a4800000, 0x00000000a4800000| Untracked 
|  17|0x00000000a4900000, 0x00000000a4900000, 0x00000000a4a00000|  0%| F|  |TAMS 0x00000000a4900000, 0x00000000a4900000| Untracked 
|  18|0x00000000a4a00000, 0x00000000a4a00000, 0x00000000a4b00000|  0%| F|  |TAMS 0x00000000a4a00000, 0x00000000a4a00000| Untracked 
|  19|0x00000000a4b00000, 0x00000000a4b00000, 0x00000000a4c00000|  0%| F|  |TAMS 0x00000000a4b00000, 0x00000000a4b00000| Untracked 
|  20|0x00000000a4c00000, 0x00000000a4c00000, 0x00000000a4d00000|  0%| F|  |TAMS 0x00000000a4c00000, 0x00000000a4c00000| Untracked 
|  21|0x00000000a4d00000, 0x00000000a4d00000, 0x00000000a4e00000|  0%| F|  |TAMS 0x00000000a4d00000, 0x00000000a4d00000| Untracked 
|  22|0x00000000a4e00000, 0x00000000a4e00000, 0x00000000a4f00000|  0%| F|  |TAMS 0x00000000a4e00000, 0x00000000a4e00000| Untracked 
|  23|0x00000000a4f00000, 0x00000000a4f00000, 0x00000000a5000000|  0%| F|  |TAMS 0x00000000a4f00000, 0x00000000a4f00000| Untracked 
|  24|0x00000000a5000000, 0x00000000a5000000, 0x00000000a5100000|  0%| F|  |TAMS 0x00000000a5000000, 0x00000000a5000000| Untracked 
|  25|0x00000000a5100000, 0x00000000a5100000, 0x00000000a5200000|  0%| F|  |TAMS 0x00000000a5100000, 0x00000000a5100000| Untracked 
|  26|0x00000000a5200000, 0x00000000a5200000, 0x00000000a5300000|  0%| F|  |TAMS 0x00000000a5200000, 0x00000000a5200000| Untracked 
|  27|0x00000000a5300000, 0x00000000a5300000, 0x00000000a5400000|  0%| F|  |TAMS 0x00000000a5300000, 0x00000000a5300000| Untracked 
|  28|0x00000000a5400000, 0x00000000a5400000, 0x00000000a5500000|  0%| F|  |TAMS 0x00000000a5400000, 0x00000000a5400000| Untracked 
|  29|0x00000000a5500000, 0x00000000a5500000, 0x00000000a5600000|  0%| F|  |TAMS 0x00000000a5500000, 0x00000000a5500000| Untracked 
|  30|0x00000000a5600000, 0x00000000a5600000, 0x00000000a5700000|  0%| F|  |TAMS 0x00000000a5600000, 0x00000000a5600000| Untracked 
|  31|0x00000000a5700000, 0x00000000a5700000, 0x00000000a5800000|  0%| F|  |TAMS 0x00000000a5700000, 0x00000000a5700000| Untracked 
|  32|0x00000000a5800000, 0x00000000a5800000, 0x00000000a5900000|  0%| F|  |TAMS 0x00000000a5800000, 0x00000000a5800000| Untracked 
|  33|0x00000000a5900000, 0x00000000a5900000, 0x00000000a5a00000|  0%| F|  |TAMS 0x00000000a5900000, 0x00000000a5900000| Untracked 
|  34|0x00000000a5a00000, 0x00000000a5a00000, 0x00000000a5b00000|  0%| F|  |TAMS 0x00000000a5a00000, 0x00000000a5a00000| Untracked 
|  35|0x00000000a5b00000, 0x00000000a5b00000, 0x00000000a5c00000|  0%| F|  |TAMS 0x00000000a5b00000, 0x00000000a5b00000| Untracked 
|  36|0x00000000a5c00000, 0x00000000a5c00000, 0x00000000a5d00000|  0%| F|  |TAMS 0x00000000a5c00000, 0x00000000a5c00000| Untracked 
|  37|0x00000000a5d00000, 0x00000000a5d00000, 0x00000000a5e00000|  0%| F|  |TAMS 0x00000000a5d00000, 0x00000000a5d00000| Untracked 
|  38|0x00000000a5e00000, 0x00000000a5e00000, 0x00000000a5f00000|  0%| F|  |TAMS 0x00000000a5e00000, 0x00000000a5e00000| Untracked 
|  39|0x00000000a5f00000, 0x00000000a5f00000, 0x00000000a6000000|  0%| F|  |TAMS 0x00000000a5f00000, 0x00000000a5f00000| Untracked 
|  40|0x00000000a6000000, 0x00000000a6000000, 0x00000000a6100000|  0%| F|  |TAMS 0x00000000a6000000, 0x00000000a6000000| Untracked 
|  41|0x00000000a6100000, 0x00000000a6100000, 0x00000000a6200000|  0%| F|  |TAMS 0x00000000a6100000, 0x00000000a6100000| Untracked 
|  42|0x00000000a6200000, 0x00000000a6200000, 0x00000000a6300000|  0%| F|  |TAMS 0x00000000a6200000, 0x00000000a6200000| Untracked 
|  43|0x00000000a6300000, 0x00000000a6300000, 0x00000000a6400000|  0%| F|  |TAMS 0x00000000a6300000, 0x00000000a6300000| Untracked 
|  44|0x00000000a6400000, 0x00000000a6400000, 0x00000000a6500000|  0%| F|  |TAMS 0x00000000a6400000, 0x00000000a6400000| Untracked 
|  45|0x00000000a6500000, 0x00000000a6500000, 0x00000000a6600000|  0%| F|  |TAMS 0x00000000a6500000, 0x00000000a6500000| Untracked 
|  46|0x00000000a6600000, 0x00000000a6600000, 0x00000000a6700000|  0%| F|  |TAMS 0x00000000a6600000, 0x00000000a6600000| Untracked 
|  47|0x00000000a6700000, 0x00000000a6700000, 0x00000000a6800000|  0%| F|  |TAMS 0x00000000a6700000, 0x00000000a6700000| Untracked 
|  48|0x00000000a6800000, 0x00000000a6800000, 0x00000000a6900000|  0%| F|  |TAMS 0x00000000a6800000, 0x00000000a6800000| Untracked 
|  49|0x00000000a6900000, 0x00000000a6900000, 0x00000000a6a00000|  0%| F|  |TAMS 0x00000000a6900000, 0x00000000a6900000| Untracked 
|  50|0x00000000a6a00000, 0x00000000a6a00000, 0x00000000a6b00000|  0%| F|  |TAMS 0x00000000a6a00000, 0x00000000a6a00000| Untracked 
|  51|0x00000000a6b00000, 0x00000000a6b00000, 0x00000000a6c00000|  0%| F|  |TAMS 0x00000000a6b00000, 0x00000000a6b00000| Untracked 
|  52|0x00000000a6c00000, 0x00000000a6c00000, 0x00000000a6d00000|  0%| F|  |TAMS 0x00000000a6c00000, 0x00000000a6c00000| Untracked 
|  53|0x00000000a6d00000, 0x00000000a6d00000, 0x00000000a6e00000|  0%| F|  |TAMS 0x00000000a6d00000, 0x00000000a6d00000| Untracked 
|  54|0x00000000a6e00000, 0x00000000a6e00000, 0x00000000a6f00000|  0%| F|  |TAMS 0x00000000a6e00000, 0x00000000a6e00000| Untracked 
|  55|0x00000000a6f00000, 0x00000000a6f00000, 0x00000000a7000000|  0%| F|  |TAMS 0x00000000a6f00000, 0x00000000a6f00000| Untracked 
|  56|0x00000000a7000000, 0x00000000a7000000, 0x00000000a7100000|  0%| F|  |TAMS 0x00000000a7000000, 0x00000000a7000000| Untracked 
|  57|0x00000000a7100000, 0x00000000a7100000, 0x00000000a7200000|  0%| F|  |TAMS 0x00000000a7100000, 0x00000000a7100000| Untracked 
|  58|0x00000000a7200000, 0x00000000a7200000, 0x00000000a7300000|  0%| F|  |TAMS 0x00000000a7200000, 0x00000000a7200000| Untracked 
|  59|0x00000000a7300000, 0x00000000a7300000, 0x00000000a7400000|  0%| F|  |TAMS 0x00000000a7300000, 0x00000000a7300000| Untracked 
|  60|0x00000000a7400000, 0x00000000a7400000, 0x00000000a7500000|  0%| F|  |TAMS 0x00000000a7400000, 0x00000000a7400000| Untracked 
|  61|0x00000000a7500000, 0x00000000a7500000, 0x00000000a7600000|  0%| F|  |TAMS 0x00000000a7500000, 0x00000000a7500000| Untracked 
|  62|0x00000000a7600000, 0x00000000a7600000, 0x00000000a7700000|  0%| F|  |TAMS 0x00000000a7600000, 0x00000000a7600000| Untracked 
|  63|0x00000000a7700000, 0x00000000a7700000, 0x00000000a7800000|  0%| F|  |TAMS 0x00000000a7700000, 0x00000000a7700000| Untracked 
|  64|0x00000000a7800000, 0x00000000a7800000, 0x00000000a7900000|  0%| F|  |TAMS 0x00000000a7800000, 0x00000000a7800000| Untracked 
|  65|0x00000000a7900000, 0x00000000a7900000, 0x00000000a7a00000|  0%| F|  |TAMS 0x00000000a7900000, 0x00000000a7900000| Untracked 
|  66|0x00000000a7a00000, 0x00000000a7a00000, 0x00000000a7b00000|  0%| F|  |TAMS 0x00000000a7a00000, 0x00000000a7a00000| Untracked 
|  67|0x00000000a7b00000, 0x00000000a7b00000, 0x00000000a7c00000|  0%| F|  |TAMS 0x00000000a7b00000, 0x00000000a7b00000| Untracked 
|  68|0x00000000a7c00000, 0x00000000a7c00000, 0x00000000a7d00000|  0%| F|  |TAMS 0x00000000a7c00000, 0x00000000a7c00000| Untracked 
|  69|0x00000000a7d00000, 0x00000000a7d00000, 0x00000000a7e00000|  0%| F|  |TAMS 0x00000000a7d00000, 0x00000000a7d00000| Untracked 
|  70|0x00000000a7e00000, 0x00000000a7e00000, 0x00000000a7f00000|  0%| F|  |TAMS 0x00000000a7e00000, 0x00000000a7e00000| Untracked 
|  71|0x00000000a7f00000, 0x00000000a7f00000, 0x00000000a8000000|  0%| F|  |TAMS 0x00000000a7f00000, 0x00000000a7f00000| Untracked 
|  72|0x00000000a8000000, 0x00000000a8000000, 0x00000000a8100000|  0%| F|  |TAMS 0x00000000a8000000, 0x00000000a8000000| Untracked 
|  73|0x00000000a8100000, 0x00000000a8100000, 0x00000000a8200000|  0%| F|  |TAMS 0x00000000a8100000, 0x00000000a8100000| Untracked 
|  74|0x00000000a8200000, 0x00000000a8200000, 0x00000000a8300000|  0%| F|  |TAMS 0x00000000a8200000, 0x00000000a8200000| Untracked 
|  75|0x00000000a8300000, 0x00000000a8300000, 0x00000000a8400000|  0%| F|  |TAMS 0x00000000a8300000, 0x00000000a8300000| Untracked 
|  76|0x00000000a8400000, 0x00000000a8400000, 0x00000000a8500000|  0%| F|  |TAMS 0x00000000a8400000, 0x00000000a8400000| Untracked 
|  77|0x00000000a8500000, 0x00000000a8500000, 0x00000000a8600000|  0%| F|  |TAMS 0x00000000a8500000, 0x00000000a8500000| Untracked 
|  78|0x00000000a8600000, 0x00000000a8600000, 0x00000000a8700000|  0%| F|  |TAMS 0x00000000a8600000, 0x00000000a8600000| Untracked 
|  79|0x00000000a8700000, 0x00000000a8700000, 0x00000000a8800000|  0%| F|  |TAMS 0x00000000a8700000, 0x00000000a8700000| Untracked 
|  80|0x00000000a8800000, 0x00000000a8800000, 0x00000000a8900000|  0%| F|  |TAMS 0x00000000a8800000, 0x00000000a8800000| Untracked 
|  81|0x00000000a8900000, 0x00000000a8900000, 0x00000000a8a00000|  0%| F|  |TAMS 0x00000000a8900000, 0x00000000a8900000| Untracked 
|  82|0x00000000a8a00000, 0x00000000a8a00000, 0x00000000a8b00000|  0%| F|  |TAMS 0x00000000a8a00000, 0x00000000a8a00000| Untracked 
|  83|0x00000000a8b00000, 0x00000000a8b00000, 0x00000000a8c00000|  0%| F|  |TAMS 0x00000000a8b00000, 0x00000000a8b00000| Untracked 
|  84|0x00000000a8c00000, 0x00000000a8c00000, 0x00000000a8d00000|  0%| F|  |TAMS 0x00000000a8c00000, 0x00000000a8c00000| Untracked 
|  85|0x00000000a8d00000, 0x00000000a8d00000, 0x00000000a8e00000|  0%| F|  |TAMS 0x00000000a8d00000, 0x00000000a8d00000| Untracked 
|  86|0x00000000a8e00000, 0x00000000a8e00000, 0x00000000a8f00000|  0%| F|  |TAMS 0x00000000a8e00000, 0x00000000a8e00000| Untracked 
|  87|0x00000000a8f00000, 0x00000000a8f00000, 0x00000000a9000000|  0%| F|  |TAMS 0x00000000a8f00000, 0x00000000a8f00000| Untracked 
|  88|0x00000000a9000000, 0x00000000a9000000, 0x00000000a9100000|  0%| F|  |TAMS 0x00000000a9000000, 0x00000000a9000000| Untracked 
|  89|0x00000000a9100000, 0x00000000a9100000, 0x00000000a9200000|  0%| F|  |TAMS 0x00000000a9100000, 0x00000000a9100000| Untracked 
|  90|0x00000000a9200000, 0x00000000a9200000, 0x00000000a9300000|  0%| F|  |TAMS 0x00000000a9200000, 0x00000000a9200000| Untracked 
|  91|0x00000000a9300000, 0x00000000a9300000, 0x00000000a9400000|  0%| F|  |TAMS 0x00000000a9300000, 0x00000000a9300000| Untracked 
|  92|0x00000000a9400000, 0x00000000a9400000, 0x00000000a9500000|  0%| F|  |TAMS 0x00000000a9400000, 0x00000000a9400000| Untracked 
|  93|0x00000000a9500000, 0x00000000a9600000, 0x00000000a9600000|100%| E|  |TAMS 0x00000000a9500000, 0x00000000a9500000| Complete 
|1478|0x00000000ffe00000, 0x00000000ffe48000, 0x00000000fff00000| 28%|OA|  |TAMS 0x00000000ffe00000, 0x00000000ffe00000| Untracked 
|1479|0x00000000fff00000, 0x00000000fff6c000, 0x0000000100000000| 42%|CA|  |TAMS 0x00000000fff00000, 0x00000000fff00000| Untracked 

Card table byte_map: [0x00007f98dbd1c000,0x00007f98dc000000] _byte_map_base: 0x00007f98db800000

Marking Bits (Prev, Next): (CMBitMap*) 0x00007f98f804e4b8, (CMBitMap*) 0x00007f98f804e4f0
 Prev Bits: [0x00007f98da318000, 0x00007f98dba38000)
 Next Bits: [0x00007f98d8bf8000, 0x00007f98da318000)

Polling page: 0x00007f98fc716000

Metaspace:

Usage:
  Non-class:      4.01 MB capacity,   166.53 KB (  4%) used,     3.85 MB ( 96%) free+waste,   192 bytes ( <1%) overhead. 
      Class:    386.00 KB capacity,     5.67 KB (  1%) used,   380.20 KB ( 98%) free+waste,   128 bytes ( <1%) overhead. 
       Both:      4.38 MB capacity,   172.20 KB (  4%) used,     4.22 MB ( 96%) free+waste,   320 bytes ( <1%) overhead. 

Virtual space:
  Non-class space:        8.00 MB reserved,       4.25 MB ( 53%) committed 
      Class space:        1.00 GB reserved,     512.00 KB ( <1%) committed 
             Both:        1.01 GB reserved,       4.75 MB ( <1%) committed 

Chunk freelists:
   Non-Class:  0 bytes
       Class:  0 bytes
        Both:  0 bytes

MaxMetaspaceSize: unlimited
CompressedClassSpaceSize: 1.00 GB
Initial GC threshold: 20.80 MB
Current GC threshold: 20.80 MB
CDS: on

CodeHeap 'non-profiled nmethods': size=120032Kb used=6Kb max_used=6Kb free=120025Kb
 bounds [0x00007f98e82a6000, 0x00007f98e8516000, 0x00007f98ef7de000]
CodeHeap 'profiled nmethods': size=120028Kb used=56Kb max_used=56Kb free=119971Kb
 bounds [0x00007f98e0d6f000, 0x00007f98e0fdf000, 0x00007f98e82a6000]
CodeHeap 'non-nmethods': size=5700Kb used=1017Kb max_used=1029Kb free=4682Kb
 bounds [0x00007f98e07de000, 0x00007f98e0a4e000, 0x00007f98e0d6f000]
 total_blobs=278 nmethods=35 adapters=158
 compilation: enabled
              stopped_count=0, restarted_count=0
 full_count=0

Compilation events (20 events):
Event: 0.427 Thread 0x00007f98f8107800 nmethod 30 0x00007f98e0d79310 code [0x00007f98e0d794c0, 0x00007f98e0d795d0]
Event: 0.427 Thread 0x00007f98f8107800   36       3       com.example.sort.Sort::permute (103 bytes)
Event: 0.429 Thread 0x00007f98f8105800   37       4       java.lang.Object::<init> (1 bytes)
Event: 0.430 Thread 0x00007f98f8107800 nmethod 36 0x00007f98e0d79690 code [0x00007f98e0d79880, 0x00007f98e0d79cc0]
Event: 0.431 Thread 0x00007f98f8105800 nmethod 37 0x00007f98e82a6a90 code [0x00007f98e82a6c20, 0x00007f98e82a6c98]
Event: 0.431 Thread 0x00007f98f8107800   15       3       java.util.concurrent.ConcurrentHashMap$Node::<init> (20 bytes)
Event: 0.432 Thread 0x00007f98f8107800 nmethod 15 0x00007f98e0d79f10 code [0x00007f98e0d7a0c0, 0x00007f98e0d7a2f0]
Event: 0.433 Thread 0x00007f98f8107800   38       3       java.lang.Math::min (11 bytes)
Event: 0.433 Thread 0x00007f98f8107800 nmethod 38 0x00007f98e0d7a390 code [0x00007f98e0d7a540, 0x00007f98e0d7a670]
Event: 0.433 Thread 0x00007f98f8107800   35       3       java.lang.String::length (11 bytes)
Event: 0.434 Thread 0x00007f98f8107800 nmethod 35 0x00007f98e0d7a710 code [0x00007f98e0d7a8c0, 0x00007f98e0d7aa70]
Event: 0.434 Thread 0x00007f98f8107800   40       3       java.util.Arrays::copyOfRange (63 bytes)
Event: 0.441 Thread 0x00007f98f8107800 nmethod 40 0x00007f98e0d7ab90 code [0x00007f98e0d7ae20, 0x00007f98e0d7b950]
Event: 0.442 Thread 0x00007f98f8107800   53       3       java.lang.StringLatin1::compareTo (52 bytes)
Event: 0.442 Thread 0x00007f98f8105800   54       4       java.lang.String::coder (15 bytes)
Event: 0.444 Thread 0x00007f98f8107800 nmethod 53 0x00007f98e0d7bd90 code [0x00007f98e0d7bf80, 0x00007f98e0d7c330]
Event: 0.444 Thread 0x00007f98f8107800   46       3       java.lang.StringCoding::hasNegatives (25 bytes)
Event: 0.445 Thread 0x00007f98f8107800 nmethod 46 0x00007f98e0d7c510 code [0x00007f98e0d7c6c0, 0x00007f98e0d7c8d0]
Event: 0.445 Thread 0x00007f98f8105800 nmethod 54 0x00007f98e82a7610 code [0x00007f98e82a77a0, 0x00007f98e82a7818]
Event: 0.445 Thread 0x00007f98f8107800   49       2       com.example.sort.Sort::swap (15 bytes)

GC Heap History (0 events):
No events

Deoptimization events (0 events):
No events

Classes redefined (0 events):
No events

Internal exceptions (0 events):
No events

Events (20 events):
Event: 0.272 Thread 0x00007f98f8105800 Thread added: 0x00007f98f8105800
Event: 0.272 Protecting memory [0x00007f98d0e15000,0x00007f98d0e19000] with protection modes 0
Event: 0.272 Thread 0x00007f98f8107800 Thread added: 0x00007f98f8107800
Event: 0.273 Protecting memory [0x00007f98d0d15000,0x00007f98d0d19000] with protection modes 0
Event: 0.273 Thread 0x00007f98f8109800 Thread added: 0x00007f98f8109800
Event: 0.273 Protecting memory [0x00007f98d0c15000,0x00007f98d0c19000] with protection modes 0
Event: 0.359 Executing VM operation: EnableBiasedLocking
Event: 0.361 Executing VM operation: EnableBiasedLocking done
Event: 0.361 loading class jdk/internal/vm/PostVMInitHook
Event: 0.362 loading class jdk/internal/vm/PostVMInitHook done
Event: 0.370 loading class com/example/sort/Sort
Event: 0.370 loading class com/example/sort/Sort done
Event: 0.375 loading class jdk/internal/loader/URLClassPath$FileLoader
Event: 0.381 loading class jdk/internal/loader/URLClassPath$FileLoader done
Event: 0.388 loading class jdk/internal/loader/URLClassPath$FileLoader$1
Event: 0.389 loading class jdk/internal/loader/URLClassPath$FileLoader$1 done
Event: 0.397 Thread 0x00007f98f8165800 Thread added: 0x00007f98f8165800
Event: 0.397 Protecting memory [0x00007f98d0a14000,0x00007f98d0a18000] with protection modes 0
Event: 0.399 Executing VM operation: RevokeBias
Event: 0.402 Executing VM operation: RevokeBias done


Dynamic libraries:
a3800000-a9600000 rw-p 00000000 00:00 0 
a9600000-ffe00000 ---p 00000000 00:00 0 
ffe00000-ffe48000 rw-p 00b13000 fd:00 535790                             /usr/lib/jvm/java-11-openjdk-amd64/lib/server/classes.jsa
ffe48000-fff00000 rw-p 00000000 00:00 0 
fff00000-fff6c000 rw-p 00aa7000 fd:00 535790                             /usr/lib/jvm/java-11-openjdk-amd64/lib/server/classes.jsa
fff6c000-100000000 rw-p 00000000 00:00 0 
800000000-800002000 rwxp 00001000 fd:00 535790                           /usr/lib/jvm/java-11-openjdk-amd64/lib/server/classes.jsa
800002000-8003ce000 rw-p 00003000 fd:00 535790                           /usr/lib/jvm/java-11-openjdk-amd64/lib/server/classes.jsa
8003ce000-800aa5000 r--p 003cf000 fd:00 535790                           /usr/lib/jvm/java-11-openjdk-amd64/lib/server/classes.jsa
800aa5000-800aa6000 rw-p 00aa6000 fd:00 535790                           /usr/lib/jvm/java-11-openjdk-amd64/lib/server/classes.jsa
840000000-840080000 rw-p 00000000 00:00 0 
840080000-880000000 ---p 00000000 00:00 0 
558db7017000-558db7018000 r--p 00000000 fd:00 551733                     /usr/lib/jvm/java-11-openjdk-amd64/bin/java
558db7018000-558db7019000 r-xp 00001000 fd:00 551733                     /usr/lib/jvm/java-11-openjdk-amd64/bin/java
558db7019000-558db701a000 r--p 00002000 fd:00 551733                     /usr/lib/jvm/java-11-openjdk-amd64/bin/java
558db701a000-558db701b000 r--p 00002000 fd:00 551733                     /usr/lib/jvm/java-11-openjdk-amd64/bin/java
558db701b000-558db701c000 rw-p 00003000 fd:00 551733                     /usr/lib/jvm/java-11-openjdk-amd64/bin/java
558db79f7000-558db7a18000 rw-p 00000000 00:00 0                          [heap]
7f9898000000-7f9898021000 rw-p 00000000 00:00 0 
7f9898021000-7f989c000000 ---p 00000000 00:00 0 
7f98a0000000-7f98a0021000 rw-p 00000000 00:00 0 
7f98a0021000-7f98a4000000 ---p 00000000 00:00 0 
7f98a4000000-7f98a4021000 rw-p 00000000 00:00 0 
7f98a4021000-7f98a8000000 ---p 00000000 00:00 0 
7f98a8000000-7f98a8086000 rw-p 00000000 00:00 0 
7f98a8086000-7f98ac000000 ---p 00000000 00:00 0 
7f98ac000000-7f98ac076000 rw-p 00000000 00:00 0 
7f98ac076000-7f98b0000000 ---p 00000000 00:00 0 
7f98b0000000-7f98b0021000 rw-p 00000000 00:00 0 
7f98b0021000-7f98b4000000 ---p 00000000 00:00 0 
7f98b4000000-7f98b4021000 rw-p 00000000 00:00 0 
7f98b4021000-7f98b8000000 ---p 00000000 00:00 0 
7f98b8000000-7f98b8021000 rw-p 00000000 00:00 0 
7f98b8021000-7f98bc000000 ---p 00000000 00:00 0 
7f98bc000000-7f98bc021000 rw-p 00000000 00:00 0 
7f98bc021000-7f98c0000000 ---p 00000000 00:00 0 
7f98c0000000-7f98c0021000 rw-p 00000000 00:00 0 
7f98c0021000-7f98c4000000 ---p 00000000 00:00 0 
7f98c4000000-7f98c4021000 rw-p 00000000 00:00 0 
7f98c4021000-7f98c8000000 ---p 00000000 00:00 0 
7f98c8000000-7f98c8021000 rw-p 00000000 00:00 0 
7f98c8021000-7f98cc000000 ---p 00000000 00:00 0 
7f98cc000000-7f98cc021000 rw-p 00000000 00:00 0 
7f98cc021000-7f98d0000000 ---p 00000000 00:00 0 
7f98d0a14000-7f98d0a18000 ---p 00000000 00:00 0 
7f98d0a18000-7f98d0b14000 rw-p 00000000 00:00 0 
7f98d0b14000-7f98d0b15000 ---p 00000000 00:00 0 
7f98d0b15000-7f98d0c15000 rw-p 00000000 00:00 0 
7f98d0c15000-7f98d0c19000 ---p 00000000 00:00 0 
7f98d0c19000-7f98d0d15000 rw-p 00000000 00:00 0 
7f98d0d15000-7f98d0d19000 ---p 00000000 00:00 0 
7f98d0d19000-7f98d0e15000 rw-p 00000000 00:00 0 
7f98d0e15000-7f98d0e19000 ---p 00000000 00:00 0 
7f98d0e19000-7f98d0f15000 rw-p 00000000 00:00 0 
7f98d0f15000-7f98d0f19000 ---p 00000000 00:00 0 
7f98d0f19000-7f98d1015000 rw-p 00000000 00:00 0 
7f98d1015000-7f98d1019000 ---p 00000000 00:00 0 
7f98d1019000-7f98d1115000 rw-p 00000000 00:00 0 
7f98d1115000-7f98d13fe000 r--p 00000000 fd:00 538438                     /usr/lib/locale/locale-archive
7f98d13fe000-7f98d1402000 ---p 00000000 00:00 0 
7f98d1402000-7f98d14fe000 rw-p 00000000 00:00 0 
7f98d14fe000-7f98d1502000 ---p 00000000 00:00 0 
7f98d1502000-7f98d15fe000 rw-p 00000000 00:00 0 
7f98d15fe000-7f98d15ff000 ---p 00000000 00:00 0 
7f98d15ff000-7f98d1b3f000 rw-p 00000000 00:00 0 
7f98d1b3f000-7f98d1eff000 ---p 00000000 00:00 0 
7f98d1eff000-7f98d1f00000 ---p 00000000 00:00 0 
7f98d1f00000-7f98d4000000 rw-p 00000000 00:00 0 
7f98d4000000-7f98d4021000 rw-p 00000000 00:00 0 
7f98d4021000-7f98d8000000 ---p 00000000 00:00 0 
7f98d8011000-7f98d80ed000 rw-p 00000000 00:00 0 
7f98d80ed000-7f98d80ee000 ---p 00000000 00:00 0 
7f98d80ee000-7f98d89f6000 rw-p 00000000 00:00 0 
7f98d89f6000-7f98d89f7000 ---p 00000000 00:00 0 
7f98d89f7000-7f98d8af7000 rw-p 00000000 00:00 0 
7f98d8af7000-7f98d8af8000 ---p 00000000 00:00 0 
7f98d8af8000-7f98d8d70000 rw-p 00000000 00:00 0 
7f98d8d70000-7f98da310000 ---p 00000000 00:00 0 
7f98da310000-7f98da490000 rw-p 00000000 00:00 0 
7f98da490000-7f98dba30000 ---p 00000000 00:00 0 
7f98dba30000-7f98dba67000 rw-p 00000000 00:00 0 
7f98dba67000-7f98dbd1b000 ---p 00000000 00:00 0 
7f98dbd1b000-7f98dbd4b000 rw-p 00000000 00:00 0 
7f98dbd4b000-7f98dbfff000 ---p 00000000 00:00 0 
7f98dbfff000-7f98dc000000 rw-p 00000000 00:00 0 
7f98dc000000-7f98dc021000 rw-p 00000000 00:00 0 
7f98dc021000-7f98e0000000 ---p 00000000 00:00 0 
7f98e002c000-7f98e0125000 rw-p 00000000 00:00 0 
7f98e0125000-7f98e03d9000 ---p 00000000 00:00 0 
7f98e03d9000-7f98e07de000 rw-p 00000000 00:00 0 
7f98e07de000-7f98e0a4e000 rwxp 00000000 00:00 0 
7f98e0a4e000-7f98e0d6f000 ---p 00000000 00:00 0 
7f98e0d6f000-7f98e0fdf000 rwxp 00000000 00:00 0 
7f98e0fdf000-7f98e82a6000 ---p 00000000 00:00 0 
7f98e82a6000-7f98e8516000 rwxp 00000000 00:00 0 
7f98e8516000-7f98ef7de000 ---p 00000000 00:00 0 
7f98ef7de000-7f98f8000000 r--s 00000000 fd:00 551811                     /usr/lib/jvm/java-11-openjdk-amd64/lib/modules
7f98f8000000-7f98f816d000 rw-p 00000000 00:00 0 
7f98f816d000-7f98fc000000 ---p 00000000 00:00 0 
7f98fc015000-7f98fc01c000 r--s 00000000 fd:00 557850                     /usr/lib/x86_64-linux-gnu/gconv/gconv-modules.cache
7f98fc01c000-7f98fc420000 rw-p 00000000 00:00 0 
7f98fc420000-7f98fc421000 ---p 00000000 00:00 0 
7f98fc421000-7f98fc526000 rw-p 00000000 00:00 0 
7f98fc526000-7f98fc60c000 ---p 00000000 00:00 0 
7f98fc60c000-7f98fc611000 rw-p 00000000 00:00 0 
7f98fc611000-7f98fc6f7000 ---p 00000000 00:00 0 
7f98fc6f7000-7f98fc6fc000 rw-p 00000000 00:00 0 
7f98fc6fc000-7f98fc703000 ---p 00000000 00:00 0 
7f98fc703000-7f98fc705000 r--p 00000000 fd:00 551810                     /usr/lib/jvm/java-11-openjdk-amd64/lib/libzip.so
7f98fc705000-7f98fc70a000 r-xp 00002000 fd:00 551810                     /usr/lib/jvm/java-11-openjdk-amd64/lib/libzip.so
7f98fc70a000-7f98fc70c000 r--p 00007000 fd:00 551810                     /usr/lib/jvm/java-11-openjdk-amd64/lib/libzip.so
7f98fc70c000-7f98fc70d000 r--p 00008000 fd:00 551810                     /usr/lib/jvm/java-11-openjdk-amd64/lib/libzip.so
7f98fc70d000-7f98fc70e000 rw-p 00009000 fd:00 551810                     /usr/lib/jvm/java-11-openjdk-amd64/lib/libzip.so
7f98fc70e000-7f98fc716000 rw-s 00000000 fd:00 3407897                    /tmp/hsperfdata_sadman/12405
7f98fc716000-7f98fc717000 ---p 00000000 00:00 0 
7f98fc717000-7f98fc718000 r--p 00000000 00:00 0 
7f98fc718000-7f98fc726000 r--p 00000000 fd:00 551790                     /usr/lib/jvm/java-11-openjdk-amd64/lib/libjava.so
7f98fc726000-7f98fc73c000 r-xp 0000e000 fd:00 551790                     /usr/lib/jvm/java-11-openjdk-amd64/lib/libjava.so
7f98fc73c000-7f98fc743000 r--p 00024000 fd:00 551790                     /usr/lib/jvm/java-11-openjdk-amd64/lib/libjava.so
7f98fc743000-7f98fc744000 r--p 0002a000 fd:00 551790                     /usr/lib/jvm/java-11-openjdk-amd64/lib/libjava.so
7f98fc744000-7f98fc745000 rw-p 0002b000 fd:00 551790                     /usr/lib/jvm/java-11-openjdk-amd64/lib/libjava.so
7f98fc745000-7f98fc746000 rw-p 00000000 00:00 0 
7f98fc746000-7f98fc74b000 r--p 00000000 fd:00 551809                     /usr/lib/jvm/java-11-openjdk-amd64/lib/libverify.so
7f98fc74b000-7f98fc752000 r-xp 00005000 fd:00 551809                     /usr/lib/jvm/java-11-openjdk-amd64/lib/libverify.so
7f98fc752000-7f98fc754000 r--p 0000c000 fd:00 551809                     /usr/lib/jvm/java-11-openjdk-amd64/lib/libverify.so
7f98fc754000-7f98fc756000 r--p 0000d000 fd:00 551809                     /usr/lib/jvm/java-11-openjdk-amd64/lib/libverify.so
7f98fc756000-7f98fc757000 rw-p 0000f000 fd:00 551809                     /usr/lib/jvm/java-11-openjdk-amd64/lib/libverify.so
7f98fc757000-7f98fc758000 r--p 00000000 fd:00 557598                     /usr/lib/x86_64-linux-gnu/librt.so.1
7f98fc758000-7f98fc759000 r-xp 00001000 fd:00 557598                     /usr/lib/x86_64-linux-gnu/librt.so.1
7f98fc759000-7f98fc75a000 r--p 00002000 fd:00 557598                     /usr/lib/x86_64-linux-gnu/librt.so.1
7f98fc75a000-7f98fc75b000 r--p 00002000 fd:00 557598                     /usr/lib/x86_64-linux-gnu/librt.so.1
7f98fc75b000-7f98fc75c000 rw-p 00003000 fd:00 557598                     /usr/lib/x86_64-linux-gnu/librt.so.1
7f98fc75c000-7f98fc760000 ---p 00000000 00:00 0 
7f98fc760000-7f98fc85c000 rw-p 00000000 00:00 0 
7f98fc85c000-7f98fc85f000 r--p 00000000 fd:00 535439                     /usr/lib/x86_64-linux-gnu/libgcc_s.so.1
7f98fc85f000-7f98fc876000 r-xp 00003000 fd:00 535439                     /usr/lib/x86_64-linux-gnu/libgcc_s.so.1
7f98fc876000-7f98fc87a000 r--p 0001a000 fd:00 535439                     /usr/lib/x86_64-linux-gnu/libgcc_s.so.1
7f98fc87a000-7f98fc87b000 r--p 0001d000 fd:00 535439                     /usr/lib/x86_64-linux-gnu/libgcc_s.so.1
7f98fc87b000-7f98fc87c000 rw-p 0001e000 fd:00 535439                     /usr/lib/x86_64-linux-gnu/libgcc_s.so.1
7f98fc87c000-7f98fc88a000 r--p 00000000 fd:00 557587                     /usr/lib/x86_64-linux-gnu/libm.so.6
7f98fc88a000-7f98fc906000 r-xp 0000e000 fd:00 557587                     /usr/lib/x86_64-linux-gnu/libm.so.6
7f98fc906000-7f98fc961000 r--p 0008a000 fd:00 557587                     /usr/lib/x86_64-linux-gnu/libm.so.6
7f98fc961000-7f98fc962000 r--p 000e4000 fd:00 557587                     /usr/lib/x86_64-linux-gnu/libm.so.6
7f98fc962000-7f98fc963000 rw-p 000e5000 fd:00 557587                     /usr/lib/x86_64-linux-gnu/libm.so.6
7f98fc963000-7f98fc9fd000 r--p 00000000 fd:00 535597                     /usr/lib/x86_64-linux-gnu/libstdc++.so.6.0.30
7f98fc9fd000-7f98fcb0e000 r-xp 0009a000 fd:00 535597                     /usr/lib/x86_64-linux-gnu/libstdc++.so.6.0.30
7f98fcb0e000-7f98fcb7d000 r--p 001ab000 fd:00 535597                     /usr/lib/x86_64-linux-gnu/libstdc++.so.6.0.30
7f98fcb7d000-7f98fcb7e000 ---p 0021a000 fd:00 535597                     /usr/lib/x86_64-linux-gnu/libstdc++.so.6.0.30
7f98fcb7e000-7f98fcb89000 r--p 0021a000 fd:00 535597                     /usr/lib/x86_64-linux-gnu/libstdc++.so.6.0.30
7f98fcb89000-7f98fcb8c000 rw-p 00225000 fd:00 535597                     /usr/lib/x86_64-linux-gnu/libstdc++.so.6.0.30
7f98fcb8c000-7f98fcb8f000 rw-p 00000000 00:00 0 
7f98fcb8f000-7f98fce11000 r--p 00000000 fd:00 551814                     /usr/lib/jvm/java-11-openjdk-amd64/lib/server/libjvm.so
7f98fce11000-7f98fdaae000 r-xp 00282000 fd:00 551814                     /usr/lib/jvm/java-11-openjdk-amd64/lib/server/libjvm.so
7f98fdaae000-7f98fdd09000 r--p 00f1f000 fd:00 551814                     /usr/lib/jvm/java-11-openjdk-amd64/lib/server/libjvm.so
7f98fdd09000-7f98fdd0a000 ---p 0117a000 fd:00 551814                     /usr/lib/jvm/java-11-openjdk-amd64/lib/server/libjvm.so
7f98fdd0a000-7f98fddce000 r--p 0117a000 fd:00 551814                     /usr/lib/jvm/java-11-openjdk-amd64/lib/server/libjvm.so
7f98fddce000-7f98fde09000 rw-p 0123e000 fd:00 551814                     /usr/lib/jvm/java-11-openjdk-amd64/lib/server/libjvm.so
7f98fde09000-7f98fde62000 rw-p 00000000 00:00 0 
7f98fde62000-7f98fde8a000 r--p 00000000 fd:00 557584                     /usr/lib/x86_64-linux-gnu/libc.so.6
7f98fde8a000-7f98fe01f000 r-xp 00028000 fd:00 557584                     /usr/lib/x86_64-linux-gnu/libc.so.6
7f98fe01f000-7f98fe077000 r--p 001bd000 fd:00 557584                     /usr/lib/x86_64-linux-gnu/libc.so.6
7f98fe077000-7f98fe07b000 r--p 00214000 fd:00 557584                     /usr/lib/x86_64-linux-gnu/libc.so.6
7f98fe07b000-7f98fe07d000 rw-p 00218000 fd:00 557584                     /usr/lib/x86_64-linux-gnu/libc.so.6
7f98fe07d000-7f98fe08a000 rw-p 00000000 00:00 0 
7f98fe08a000-7f98fe08d000 r--p 00000000 fd:00 551775                     /usr/lib/jvm/java-11-openjdk-amd64/lib/jli/libjli.so
7f98fe08d000-7f98fe097000 r-xp 00003000 fd:00 551775                     /usr/lib/jvm/java-11-openjdk-amd64/lib/jli/libjli.so
7f98fe097000-7f98fe09a000 r--p 0000d000 fd:00 551775                     /usr/lib/jvm/java-11-openjdk-amd64/lib/jli/libjli.so
7f98fe09a000-7f98fe09b000 ---p 00010000 fd:00 551775                     /usr/lib/jvm/java-11-openjdk-amd64/lib/jli/libjli.so
7f98fe09b000-7f98fe09c000 r--p 00010000 fd:00 551775                     /usr/lib/jvm/java-11-openjdk-amd64/lib/jli/libjli.so
7f98fe09c000-7f98fe09d000 rw-p 00011000 fd:00 551775                     /usr/lib/jvm/java-11-openjdk-amd64/lib/jli/libjli.so
7f98fe09d000-7f98fe09f000 r--p 00000000 fd:00 535647                     /usr/lib/x86_64-linux-gnu/libz.so.1.2.11
7f98fe09f000-7f98fe0b0000 r-xp 00002000 fd:00 535647                     /usr/lib/x86_64-linux-gnu/libz.so.1.2.11
7f98fe0b0000-7f98fe0b6000 r--p 00013000 fd:00 535647                     /usr/lib/x86_64-linux-gnu/libz.so.1.2.11
7f98fe0b6000-7f98fe0b7000 ---p 00019000 fd:00 535647                     /usr/lib/x86_64-linux-gnu/libz.so.1.2.11
7f98fe0b7000-7f98fe0b8000 r--p 00019000 fd:00 535647                     /usr/lib/x86_64-linux-gnu/libz.so.1.2.11
7f98fe0b8000-7f98fe0b9000 rw-p 0001a000 fd:00 535647                     /usr/lib/x86_64-linux-gnu/libz.so.1.2.11
7f98fe0b9000-7f98fe0bb000 r--p 00000000 fd:00 551793                     /usr/lib/jvm/java-11-openjdk-amd64/lib/libjimage.so
7f98fe0bb000-7f98fe0be000 r-xp 00002000 fd:00 551793                     /usr/lib/jvm/java-11-openjdk-amd64/lib/libjimage.so
7f98fe0be000-7f98fe0bf000 r--p 00005000 fd:00 551793                     /usr/lib/jvm/java-11-openjdk-amd64/lib/libjimage.so
7f98fe0bf000-7f98fe0c0000 ---p 00006000 fd:00 551793                     /usr/lib/jvm/java-11-openjdk-amd64/lib/libjimage.so
7f98fe0c0000-7f98fe0c1000 r--p 00006000 fd:00 551793                     /usr/lib/jvm/java-11-openjdk-amd64/lib/libjimage.so
7f98fe0c1000-7f98fe0c2000 rw-p 00007000 fd:00 551793                     /usr/lib/jvm/java-11-openjdk-amd64/lib/libjimage.so
7f98fe0c2000-7f98fe0c4000 rw-p 00000000 00:00 0 
7f98fe0c4000-7f98fe0c6000 r--p 00000000 fd:00 557581                     /usr/lib/x86_64-linux-gnu/ld-linux-x86-64.so.2
7f98fe0c6000-7f98fe0f0000 r-xp 00002000 fd:00 557581                     /usr/lib/x86_64-linux-gnu/ld-linux-x86-64.so.2
7f98fe0f0000-7f98fe0fb000 r--p 0002c000 fd:00 557581                     /usr/lib/x86_64-linux-gnu/ld-linux-x86-64.so.2
7f98fe0fc000-7f98fe0fe000 r--p 00037000 fd:00 557581                     /usr/lib/x86_64-linux-gnu/ld-linux-x86-64.so.2
7f98fe0fe000-7f98fe100000 rw-p 00039000 fd:00 557581                     /usr/lib/x86_64-linux-gnu/ld-linux-x86-64.so.2
7ffe46a1d000-7ffe46a3f000 rw-p 00000000 00:00 0                          [stack]
7ffe46b60000-7ffe46b64000 r--p 00000000 00:00 0                          [vvar]
7ffe46b64000-7ffe46b66000 r-xp 00000000 00:00 0                          [vdso]
ffffffffff600000-ffffffffff601000 --xp 00000000 00:00 0                  [vsyscall]


VM Arguments:
java_command: com.example.sort.Sort 3 10
java_class_path (initial): .
Launcher Type: SUN_STANDARD

[Global flags]
     intx CICompilerCount                          = 4                                         {product} {ergonomic}
     uint ConcGCThreads                            = 2                                         {product} {ergonomic}
     uint G1ConcRefinementThreads                  = 8                                         {product} {ergonomic}
   size_t G1HeapRegionSize                         = 1048576                                   {product} {ergonomic}
    uintx GCDrainStackTargetSize                   = 64                                        {product} {ergonomic}
   size_t InitialHeapSize                          = 98566144                                  {product} {ergonomic}
   size_t MarkStackSize                            = 4194304                                   {product} {ergonomic}
   size_t MaxHeapSize                              = 1551892480                                {product} {ergonomic}
   size_t MaxNewSize                               = 931135488                                 {product} {ergonomic}
   size_t MinHeapDeltaBytes                        = 1048576                                   {product} {ergonomic}
    uintx NonNMethodCodeHeapSize                   = 5836300                                {pd product} {ergonomic}
    uintx NonProfiledCodeHeapSize                  = 122910970                              {pd product} {ergonomic}
    uintx ProfiledCodeHeapSize                     = 122910970                              {pd product} {ergonomic}
    uintx ReservedCodeCacheSize                    = 251658240                              {pd product} {ergonomic}
     bool SegmentedCodeCache                       = true                                      {product} {ergonomic}
     bool UseCompressedClassPointers               = true                                 {lp64_product} {ergonomic}
     bool UseCompressedOops                        = true                                 {lp64_product} {ergonomic}
     bool UseG1GC                                  = true                                      {product} {ergonomic}

Logging:
Log output configuration:
 #0: stdout all=warning uptime,level,tags
 #1: stderr all=off uptime,level,tags

Environment Variables:
JAVA_HOME=/usr/lib/jvm/java-11-openjdk-amd64
PATH=/home/sadman/software/hadoop/hadoop-3.3.6/bin:/home/sadman/.wasmtime/bin:/home/sadman/.wasmer/bin:/home/sadman/.wasienv/bin:/home/sadman/.local/bin:/home/sadman/.vscode-server/bin/af28b32d7e553898b2a91af498b1fb666fdebe0c/bin/remote-cli:/home/sadman/.local/bin:/home/sadman/software/hadoop/hadoop-3.3.6/bin:/home/sadman/.wasmtime/bin:/home/sadman/.wasmedge/bin:/home/sadman/.wasmer/bin:/home/sadman/.wasienv/bin:/home/sadman/.local/bin:/home/sadman/.cargo/bin:/home/sadman/.local/bin:/usr/local/sbin:/usr/local/bin:/usr/sbin:/usr/bin:/sbin:/bin:/usr/games:/usr/local/games:/snap/bin:/opt/mellanox/grpc/bin:/opt/mellanox/grpc/bin
LD_LIBRARY_PATH=/home/sadman/.wasmedge/lib
SHELL=/bin/bash
LANG=en_US.UTF-8
TERM=xterm-256color

Signal Handlers:
SIGSEGV: [libjvm.so+0xead350], sa_mask[0]=11111111011111111101111111111110, sa_flags=SA_RESTART|SA_SIGINFO
SIGBUS: [libjvm.so+0xead350], sa_mask[0]=11111111011111111101111111111110, sa_flags=SA_RESTART|SA_SIGINFO
SIGFPE: [libjvm.so+0xead350], sa_mask[0]=11111111011111111101111111111110, sa_flags=SA_RESTART|SA_SIGINFO
SIGPIPE: [libjvm.so+0xbef750], sa_mask[0]=11111111011111111101111111111110, sa_flags=SA_RESTART|SA_SIGINFO
SIGXFSZ: [libjvm.so+0xbef750], sa_mask[0]=11111111011111111101111111111110, sa_flags=SA_RESTART|SA_SIGINFO
SIGILL: [libjvm.so+0xead350], sa_mask[0]=11111111011111111101111111111110, sa_flags=SA_RESTART|SA_SIGINFO
SIGUSR2: [libjvm.so+0xbef5f0], sa_mask[0]=00000000000000000000000000000000, sa_flags=SA_RESTART|SA_SIGINFO
SIGHUP: [libjvm.so+0xbefdb0], sa_mask[0]=11111111011111111101111111111110, sa_flags=SA_RESTART|SA_SIGINFO
SIGINT: [libjvm.so+0xbefdb0], sa_mask[0]=11111111011111111101111111111110, sa_flags=SA_RESTART|SA_SIGINFO
SIGTERM: [libjvm.so+0xbefdb0], sa_mask[0]=11111111011111111101111111111110, sa_flags=SA_RESTART|SA_SIGINFO
SIGQUIT: [libjvm.so+0xbefdb0], sa_mask[0]=11111111011111111101111111111110, sa_flags=SA_RESTART|SA_SIGINFO


---------------  S Y S T E M  ---------------

OS:DISTRIB_ID=Ubuntu
DISTRIB_RELEASE=22.04
DISTRIB_CODENAME=jammy
DISTRIB_DESCRIPTION="Ubuntu 22.04.3 LTS"
uname:Linux 5.15.0-89-generic #99-Ubuntu SMP Mon Oct 30 20:42:41 UTC 2023 x86_64
OS uptime: 0 days 1:30 hours
libc:glibc 2.35 NPTL 2.35 
rlimit (soft/hard): STACK 8192k/infinity , CORE 0k/infinity , NPROC 23217/23217 , NOFILE 1048576/1048576 , AS infinity/infinity , CPU infinity/infinity , DATA infinity/infinity , FSIZE infinity/infinity , MEMLOCK infinity/infinity
load average:0.55 1.44 1.57

/proc/meminfo:
MemTotal:        6059236 kB
MemFree:          235004 kB
MemAvailable:    1940932 kB
Buffers:           77560 kB
Cached:          1706036 kB
SwapCached:        87220 kB
Active:          1617448 kB
Inactive:        3739320 kB
Active(anon):     558208 kB
Inactive(anon):  3031292 kB
Active(file):    1059240 kB
Inactive(file):   708028 kB
Unevictable:       31760 kB
Mlocked:           27760 kB
SwapTotal:       4194300 kB
SwapFree:        3728440 kB
Dirty:                44 kB
Writeback:             0 kB
AnonPages:       3568936 kB
Mapped:           185688 kB
Shmem:              7668 kB
KReclaimable:     239776 kB
Slab:             317568 kB
SReclaimable:     239776 kB
SUnreclaim:        77792 kB
KernelStack:        7216 kB
PageTables:        43948 kB
NFS_Unstable:          0 kB
Bounce:                0 kB
WritebackTmp:          0 kB
CommitLimit:     7223916 kB
Committed_AS:    4447392 kB
VmallocTotal:   34359738367 kB
VmallocUsed:       26332 kB
VmallocChunk:          0 kB
Percpu:             5120 kB
HardwareCorrupted:     0 kB
AnonHugePages:      2048 kB
ShmemHugePages:        0 kB
ShmemPmdMapped:        0 kB
FileHugePages:         0 kB
FilePmdMapped:         0 kB
HugePages_Total:       0
HugePages_Free:        0
HugePages_Rsvd:        0
HugePages_Surp:        0
Hugepagesize:       2048 kB
Hugetlb:               0 kB
DirectMap4k:      187328 kB
DirectMap2M:     6100992 kB

/sys/kernel/mm/transparent_hugepage/enabled:
always [madvise] never
/sys/kernel/mm/transparent_hugepage/defrag (defrag/compaction efforts parameter):
always defer defer+madvise [madvise] never

Process Memory:
Virtual Size: 4171316K (peak: 12930388K)
Resident Set Size: 32912K (peak: 32912K) (anon: 8184K, file: 24728K, shmem: 0K)
Swapped out: 0K
C-Heap outstanding allocations: 20392K, retained: 1699K
glibc malloc tunables: (default)

/proc/sys/kernel/threads-max (system-wide limit on the number of threads):
46434
/proc/sys/vm/max_map_count (maximum number of memory map areas a process may have):
65530
/proc/sys/kernel/pid_max (system-wide limit on number of process identifiers):
4194304

container (cgroup) information:
container_type: cgroupv2
cpu_cpuset_cpus: not supported
cpu_memory_nodes: not supported
active_processor_count: 8
cpu_quota: not supported
cpu_period: not supported
cpu_shares: not supported
memory_limit_in_bytes: unlimited
memory_and_swap_limit_in_bytes: unlimited
memory_soft_limit_in_bytes: unlimited
memory_usage_in_bytes: 5300724 k
memory_max_usage_in_bytes: not supported
memory_swap_current_in_bytes: 451640 k
memory_swap_max_limit_in_bytes: unlimited
maximum number of tasks: unlimited
current number of tasks: 207

Steal ticks since vm start: 0
Steal ticks percentage since vm start:  0.000

CPU:total 8 (initial active 8) (8 cores per cpu, 1 threads per core) family 15 model 107 stepping 1 microcode 0x1000065, cmov, cx8, fxsr, mmx, sse, sse2, sse3, tsc
CPU Model and flags from /proc/cpuinfo:
model name	: QEMU Virtual CPU version 2.5+
flags		: fpu de pse tsc msr pae mce cx8 apic sep mtrr pge mca cmov pat pse36 clflush mmx fxsr sse sse2 ht syscall nx lm rep_good nopl cpuid extd_apicid pni cx16 hypervisor lahf_lm cmp_legacy svm 3dnowprefetch vmmcall
Online cpus:
0-7
Offline cpus:

BIOS frequency limitation:
<Not Available>
Frequency switch latency (ns):
<Not Available>
Available cpu frequencies:
<Not Available>
Current governor:
<Not Available>
Core performance/turbo boost:
<Not Available>

Memory: 4k page, physical 6059236k(235004k free), swap 4194300k(3728440k free)

vm_info: OpenJDK 64-Bit Server VM (11.0.21+9-post-Ubuntu-0ubuntu122.04) for linux-amd64 JRE (11.0.21+9-post-Ubuntu-0ubuntu122.04), built on Oct 19 2023 08:41:03 by "unknown" with gcc 11.4.0

END.
