#
# A fatal error has been detected by the Java Runtime Environment:
#
#  SIGSEGV (0xb) at pc=0x00007f0218d7b960, pid=66799, tid=66800
#
# JRE version: OpenJDK Runtime Environment (11.0.21+9) (build 11.0.21+9-post-Ubuntu-0ubuntu122.04)
# Java VM: OpenJDK 64-Bit Server VM (11.0.21+9-post-Ubuntu-0ubuntu122.04, mixed mode, sharing, tiered, compressed oops, g1 gc, linux-amd64)
# Problematic frame:
# J 38 c1 com.example.sudoku.Sudoku$SudokuBoard.partial_verify(II)Z (139 bytes) @ 0x00007f0218d7b960 [0x00007f0218d7b920+0x0000000000000040]
#
# Core dump will be written. Default location: Core dumps may be processed with "/usr/share/apport/apport -p%p -s%s -c%c -d%d -P%P -u%u -g%g -- %E" (or dumping to /home/sadman/GitRepos/datasys/data-dev/wasm/source/java/sudoku/src/main/java/core.66799)
#
# If you would like to submit a bug report, please visit:
#   https://bugs.launchpad.net/ubuntu/+source/openjdk-lts
#

---------------  S U M M A R Y ------------

Command Line: com.example.sudoku.Sudoku 300600000500007000870090400080050000064000790000020030001040078000300002000005004

Host: QEMU Virtual CPU version 2.5+, 8 cores, 5G, Ubuntu 22.04.3 LTS
Time: Fri Dec  1 04:58:02 2023 UTC elapsed time: 0.706756 seconds (0d 0h 0m 0s)

---------------  T H R E A D  ---------------

Current thread (0x00007f0230015000):  JavaThread "main" [_thread_in_Java, id=66800, stack(0x00007f02374eb000,0x00007f02375eb000)]

Stack: [0x00007f02374eb000,0x00007f02375eb000],  sp=0x00007f02375e8b58,  free space=1014k
Native frames: (J=compiled Java code, A=aot compiled Java code, j=interpreted, Vv=VM code, C=native code)
J 38 c1 com.example.sudoku.Sudoku$SudokuBoard.partial_verify(II)Z (139 bytes) @ 0x00007f0218d7b960 [0x00007f0218d7b920+0x0000000000000040]

[error occurred during error reporting (printing native stack), id 0xb, SIGSEGV (0xb) at pc=0x00007f023805b15c]


siginfo: si_signo: 11 (SIGSEGV), si_code: 1 (SEGV_MAPERR), si_addr: 0xfffffffffeffa6ae

Register to memory mapping:

RAX=0x0000000000000003 is an unknown value
RBX=0x0000000000000006 is an unknown value
RCX=0x0000000000000006 is an unknown value
RDX=0x0000000000000003 is an unknown value
RSP=0x00007f02375e8b58 is pointing into the stack for thread: 0x00007f0230015000
RBP=0x00007f02375e9888 is pointing into the stack for thread: 0x00007f0230015000
RSI=0x00000000a9552a70 is an oop: com.example.sudoku.Sudoku$SudokuBoard 
{0x00000000a9552a70} - klass: 'com/example/sudoku/Sudoku$SudokuBoard'
 - ---- fields (total size 2 words):
 - public 'board' '[[I' @12  a {type array int}[9] {0x00000000a9552a80} (a9552a80)
RDI=0x0000000000000003 is an unknown value
R8 =0x0000000000000006 is an unknown value
R9 =0x00000000a9552a70 is an oop: com.example.sudoku.Sudoku$SudokuBoard 
{0x00000000a9552a70} - klass: 'com/example/sudoku/Sudoku$SudokuBoard'
 - ---- fields (total size 2 words):
 - public 'board' '[[I' @12  a {type array int}[9] {0x00000000a9552a80} (a9552a80)
R10=0x00007f02374a6000 points into unknown readable memory: 0x0000000000000000 | 00 00 00 00 00 00 00 00
R11=0x000000000001b7b8 is an unknown value
R12=0x0 is NULL
R13=0x00000000000001e0 is an unknown value
R14=0x000000000006420d is an unknown value
R15=0x00007f0230015000 is a thread


Registers:
RAX=0x0000000000000003, RBX=0x0000000000000006, RCX=0x0000000000000006, RDX=0x0000000000000003
RSP=0x00007f02375e8b58, RBP=0x00007f02375e9888, RSI=0x00000000a9552a70, RDI=0x0000000000000003
R8 =0x0000000000000006, R9 =0x00000000a9552a70, R10=0x00007f02374a6000, R11=0x000000000001b7b8
R12=0x0000000000000000, R13=0x00000000000001e0, R14=0x000000000006420d, R15=0x00007f0230015000
RIP=0x00007f0218d7b960, EFLAGS=0x0000000000000202, CSGSFS=0x002b000000000033, ERR=0x0000000000000007
  TRAPNO=0x000000000000000e

Top of Stack: (sp=0x00007f02375e8b58)
0x00007f02375e8b58:   00007f0218d7c6e4 0000000000000005
0x00007f02375e8b68:   00007f02104e1628 00007f02375e9888
0x00007f02375e8b78:   00007f0218d7beb6 0000000000000086
0x00007f02375e8b88:   0000000600000022 00000000a9552a70 

Instructions: (pc=0x00007f0218d7b960)
0x00007f0218d7b860:   00 00 00 00 02 00 00 00 00 00 00 00 00 00 00 00
0x00007f0218d7b870:   01 00 00 00 00 00 00 00 e0 01 00 00 ff ff ff ff
0x00007f0218d7b880:   ff ff ff ff 00 00 00 00 1b 60 34 c0 95 c0 39 c0
0x00007f0218d7b890:   6d c0 39 c0 7f c0 8c c0 38 c0 81 c0 39 c0 2f a0
0x00007f0218d7b8a0:   03 c0 26 b0 15 b0 15 b0 15 b0 04 c0 17 64 0a 64
0x00007f0218d7b8b0:   05 64 05 64 05 64 0e 64 05 64 05 64 0e 64 0e 64
0x00007f0218d7b8c0:   05 64 05 64 0e 64 05 64 05 64 0e 64 0e 64 05 64
0x00007f0218d7b8d0:   05 64 0e 64 05 64 05 64 05 64 05 64 0e 64 05 64
0x00007f0218d7b8e0:   05 64 0e 64 0e 64 05 64 05 64 0e 64 05 c0 17 64
0x00007f0218d7b8f0:   3a 64 15 00 00 64 03 f8 85 38 66 88 02 7f 05 70
0x00007f0218d7b900:   0e 64 01 f8 9e ff 06 90 0c 64 00 00 00 00 00 00
0x00007f0218d7b910:   00 00 00 00 00 00 00 00 00 00 00 00 00 00 00 00
0x00007f0218d7b920:   44 8b 56 08 49 c1 e2 03 49 bc 00 00 00 00 08 00
0x00007f0218d7b930:   00 00 4d 03 d4 4d 33 e4 4c 3b d0 0f 85 3f d7 aa
0x00007f0218d7b940:   ff 66 66 66 0f 1f 84 00 00 00 00 00 66 66 0f 1f
0x00007f0218d7b950:   84 00 00 00 00 00 66 66 0f 1f 84 00 00 00 00 00
0x00007f0218d7b960:   e9 9b a8 a6 ff fe ff 55 48 83 ec 30 48 8b fa 48
0x00007f0218d7b970:   b8 28 16 4e 10 02 7f 00 00 8b 90 00 01 00 00 83
0x00007f0218d7b980:   c2 08 89 90 00 01 00 00 81 e2 f8 1f 00 00 83 fa
0x00007f0218d7b990:   00 0f 84 e4 03 00 00 48 8b c7 bb 03 00 00 00 81
0x00007f0218d7b9a0:   f8 00 00 00 80 0f 85 0b 00 00 00 33 d2 83 fb ff
0x00007f0218d7b9b0:   0f 84 03 00 00 00 99 f7 fb 48 8b d8 48 8b c3 c1
0x00007f0218d7b9c0:   e3 02 2b d8 48 8b c1 41 b8 03 00 00 00 81 f8 00
0x00007f0218d7b9d0:   00 00 80 0f 85 0c 00 00 00 33 d2 41 83 f8 ff 0f
0x00007f0218d7b9e0:   84 04 00 00 00 99 41 f7 f8 4c 8b c0 49 8b c0 41
0x00007f0218d7b9f0:   c1 e0 02 44 2b c0 41 b9 00 00 00 00 0f 1f 40 00
0x00007f0218d7ba00:   41 83 f9 09 48 b8 28 16 4e 10 02 7f 00 00 48 ba
0x00007f0218d7ba10:   40 01 00 00 00 00 00 00 0f 8d 0a 00 00 00 48 ba
0x00007f0218d7ba20:   50 01 00 00 00 00 00 00 4c 8b 1c 10 4d 8d 5b 01
0x00007f0218d7ba30:   4c 89 1c 10 0f 8d 2c 03 00 00 44 3b c9 48 b8 28
0x00007f0218d7ba40:   16 4e 10 02 7f 00 00 48 ba 60 01 00 00 00 00 00
0x00007f0218d7ba50:   00 0f 84 0a 00 00 00 48 ba 70 01 00 00 00 00 00 


Stack slot to memory mapping:
stack at sp + 0 slots: 0x00007f0218d7c6e4 is at entry_point+452 in (nmethod*)0x00007f0218d7c310
stack at sp + 1 slots: 0x0000000000000005 is an unknown value
stack at sp + 2 slots: 0x00007f02104e1628 is pointing into metadata
stack at sp + 3 slots: 0x00007f02375e9888 is pointing into the stack for thread: 0x00007f0230015000
stack at sp + 4 slots: 0x00007f0218d7beb6 is at entry_point+1430 in (nmethod*)0x00007f0218d7b710
stack at sp + 5 slots: 0x0000000000000086 is an unknown value
stack at sp + 6 slots: 0x0000000600000022 is an unknown value
stack at sp + 7 slots: 0x00000000a9552a70 is an oop: com.example.sudoku.Sudoku$SudokuBoard 
{0x00000000a9552a70} - klass: 'com/example/sudoku/Sudoku$SudokuBoard'
 - ---- fields (total size 2 words):
 - public 'board' '[[I' @12  a {type array int}[9] {0x00000000a9552a80} (a9552a80)



---------------  P R O C E S S  ---------------

Threads class SMR info:
_java_thread_list=0x00007f0230177190, length=9, elements={
0x00007f0230015000, 0x00007f02300fa000, 0x00007f02300fc000, 0x00007f0230101800,
0x00007f0230103800, 0x00007f0230105800, 0x00007f0230107800, 0x00007f0230109800,
0x00007f0230175800
}

Java Threads: ( => current thread )
=>0x00007f0230015000 JavaThread "main" [_thread_in_Java, id=66800, stack(0x00007f02374eb000,0x00007f02375eb000)]
  0x00007f02300fa000 JavaThread "Reference Handler" daemon [_thread_blocked, id=66807, stack(0x00007f02181fe000,0x00007f02182fe000)]
  0x00007f02300fc000 JavaThread "Finalizer" daemon [_thread_blocked, id=66808, stack(0x00007f02180fe000,0x00007f02181fe000)]
  0x00007f0230101800 JavaThread "Signal Dispatcher" daemon [_thread_blocked, id=66809, stack(0x00007f01f3c17000,0x00007f01f3d17000)]
  0x00007f0230103800 JavaThread "Service Thread" daemon [_thread_blocked, id=66810, stack(0x00007f01f3b17000,0x00007f01f3c17000)]
  0x00007f0230105800 JavaThread "C2 CompilerThread0" daemon [_thread_blocked, id=66811, stack(0x00007f01f3a17000,0x00007f01f3b17000)]
  0x00007f0230107800 JavaThread "C1 CompilerThread0" daemon [_thread_blocked, id=66812, stack(0x00007f01f3917000,0x00007f01f3a17000)]
  0x00007f0230109800 JavaThread "Sweeper thread" daemon [_thread_blocked, id=66813, stack(0x00007f01f3817000,0x00007f01f3917000)]
  0x00007f0230175800 JavaThread "Common-Cleaner" daemon [_thread_blocked, id=66815, stack(0x00007f01f3616000,0x00007f01f3716000)]

Other Threads:
  0x00007f02300f7000 VMThread "VM Thread" [stack: 0x00007f02182ff000,0x00007f02183ff000] [id=66806]
  0x00007f0230173000 WatcherThread [stack: 0x00007f01f3717000,0x00007f01f3817000] [id=66814]
  0x00007f023002e800 GCTaskThread "GC Thread#0" [stack: 0x00007f02371b0000,0x00007f02372b0000] [id=66801]
  0x00007f0230055000 ConcurrentGCThread "G1 Main Marker" [stack: 0x00007f023487b000,0x00007f023497b000] [id=66802]
  0x00007f0230057000 ConcurrentGCThread "G1 Conc#0" [stack: 0x00007f023477a000,0x00007f023487a000] [id=66803]
  0x00007f02300c6000 ConcurrentGCThread "G1 Refine#0" [stack: 0x00007f02185dd000,0x00007f02186dd000] [id=66804]
  0x00007f02300c8000 ConcurrentGCThread "G1 Young RemSet Sampling" [stack: 0x00007f02184dc000,0x00007f02185dc000] [id=66805]

Threads with active compile tasks:

VM state:not at safepoint (normal execution)

VM Mutex/Monitor currently owned by a thread: None

Heap address: 0x00000000a3800000, size: 1480 MB, Compressed Oops mode: 32-bit
Narrow klass base: 0x0000000800000000, Narrow klass shift: 3
Compressed class space size: 1073741824 Address: 0x0000000840000000

Heap:
 garbage-first heap   total 98304K, used 720K [0x00000000a3800000, 0x0000000100000000)
  region size 1024K, 1 young (1024K), 0 survivors (0K)
 Metaspace       used 158K, capacity 4490K, committed 4864K, reserved 1056768K
  class space    used 6K, capacity 386K, committed 512K, reserved 1048576K
Heap Regions: E=young(eden), S=young(survivor), O=old, HS=humongous(starts), HC=humongous(continues), CS=collection set, F=free, A=archive, TAMS=top-at-mark-start (previous, next)
|   0|0x00000000a3800000, 0x00000000a3800000, 0x00000000a3900000|  0%| F|  |TAMS 0x00000000a3800000, 0x00000000a3800000| Untracked 
|   1|0x00000000a3900000, 0x00000000a3900000, 0x00000000a3a00000|  0%| F|  |TAMS 0x00000000a3900000, 0x00000000a3900000| Untracked 
|   2|0x00000000a3a00000, 0x00000000a3a00000, 0x00000000a3b00000|  0%| F|  |TAMS 0x00000000a3a00000, 0x00000000a3a00000| Untracked 
|   3|0x00000000a3b00000, 0x00000000a3b00000, 0x00000000a3c00000|  0%| F|  |TAMS 0x00000000a3b00000, 0x00000000a3b00000| Untracked 
|   4|0x00000000a3c00000, 0x00000000a3c00000, 0x00000000a3d00000|  0%| F|  |TAMS 0x00000000a3c00000, 0x00000000a3c00000| Untracked 
|   5|0x00000000a3d00000, 0x00000000a3d00000, 0x00000000a3e00000|  0%| F|  |TAMS 0x00000000a3d00000, 0x00000000a3d00000| Untracked 
|   6|0x00000000a3e00000, 0x00000000a3e00000, 0x00000000a3f00000|  0%| F|  |TAMS 0x00000000a3e00000, 0x00000000a3e00000| Untracked 
|   7|0x00000000a3f00000, 0x00000000a3f00000, 0x00000000a4000000|  0%| F|  |TAMS 0x00000000a3f00000, 0x00000000a3f00000| Untracked 
|   8|0x00000000a4000000, 0x00000000a4000000, 0x00000000a4100000|  0%| F|  |TAMS 0x00000000a4000000, 0x00000000a4000000| Untracked 
|   9|0x00000000a4100000, 0x00000000a4100000, 0x00000000a4200000|  0%| F|  |TAMS 0x00000000a4100000, 0x00000000a4100000| Untracked 
|  10|0x00000000a4200000, 0x00000000a4200000, 0x00000000a4300000|  0%| F|  |TAMS 0x00000000a4200000, 0x00000000a4200000| Untracked 
|  11|0x00000000a4300000, 0x00000000a4300000, 0x00000000a4400000|  0%| F|  |TAMS 0x00000000a4300000, 0x00000000a4300000| Untracked 
|  12|0x00000000a4400000, 0x00000000a4400000, 0x00000000a4500000|  0%| F|  |TAMS 0x00000000a4400000, 0x00000000a4400000| Untracked 
|  13|0x00000000a4500000, 0x00000000a4500000, 0x00000000a4600000|  0%| F|  |TAMS 0x00000000a4500000, 0x00000000a4500000| Untracked 
|  14|0x00000000a4600000, 0x00000000a4600000, 0x00000000a4700000|  0%| F|  |TAMS 0x00000000a4600000, 0x00000000a4600000| Untracked 
|  15|0x00000000a4700000, 0x00000000a4700000, 0x00000000a4800000|  0%| F|  |TAMS 0x00000000a4700000, 0x00000000a4700000| Untracked 
|  16|0x00000000a4800000, 0x00000000a4800000, 0x00000000a4900000|  0%| F|  |TAMS 0x00000000a4800000, 0x00000000a4800000| Untracked 
|  17|0x00000000a4900000, 0x00000000a4900000, 0x00000000a4a00000|  0%| F|  |TAMS 0x00000000a4900000, 0x00000000a4900000| Untracked 
|  18|0x00000000a4a00000, 0x00000000a4a00000, 0x00000000a4b00000|  0%| F|  |TAMS 0x00000000a4a00000, 0x00000000a4a00000| Untracked 
|  19|0x00000000a4b00000, 0x00000000a4b00000, 0x00000000a4c00000|  0%| F|  |TAMS 0x00000000a4b00000, 0x00000000a4b00000| Untracked 
|  20|0x00000000a4c00000, 0x00000000a4c00000, 0x00000000a4d00000|  0%| F|  |TAMS 0x00000000a4c00000, 0x00000000a4c00000| Untracked 
|  21|0x00000000a4d00000, 0x00000000a4d00000, 0x00000000a4e00000|  0%| F|  |TAMS 0x00000000a4d00000, 0x00000000a4d00000| Untracked 
|  22|0x00000000a4e00000, 0x00000000a4e00000, 0x00000000a4f00000|  0%| F|  |TAMS 0x00000000a4e00000, 0x00000000a4e00000| Untracked 
|  23|0x00000000a4f00000, 0x00000000a4f00000, 0x00000000a5000000|  0%| F|  |TAMS 0x00000000a4f00000, 0x00000000a4f00000| Untracked 
|  24|0x00000000a5000000, 0x00000000a5000000, 0x00000000a5100000|  0%| F|  |TAMS 0x00000000a5000000, 0x00000000a5000000| Untracked 
|  25|0x00000000a5100000, 0x00000000a5100000, 0x00000000a5200000|  0%| F|  |TAMS 0x00000000a5100000, 0x00000000a5100000| Untracked 
|  26|0x00000000a5200000, 0x00000000a5200000, 0x00000000a5300000|  0%| F|  |TAMS 0x00000000a5200000, 0x00000000a5200000| Untracked 
|  27|0x00000000a5300000, 0x00000000a5300000, 0x00000000a5400000|  0%| F|  |TAMS 0x00000000a5300000, 0x00000000a5300000| Untracked 
|  28|0x00000000a5400000, 0x00000000a5400000, 0x00000000a5500000|  0%| F|  |TAMS 0x00000000a5400000, 0x00000000a5400000| Untracked 
|  29|0x00000000a5500000, 0x00000000a5500000, 0x00000000a5600000|  0%| F|  |TAMS 0x00000000a5500000, 0x00000000a5500000| Untracked 
|  30|0x00000000a5600000, 0x00000000a5600000, 0x00000000a5700000|  0%| F|  |TAMS 0x00000000a5600000, 0x00000000a5600000| Untracked 
|  31|0x00000000a5700000, 0x00000000a5700000, 0x00000000a5800000|  0%| F|  |TAMS 0x00000000a5700000, 0x00000000a5700000| Untracked 
|  32|0x00000000a5800000, 0x00000000a5800000, 0x00000000a5900000|  0%| F|  |TAMS 0x00000000a5800000, 0x00000000a5800000| Untracked 
|  33|0x00000000a5900000, 0x00000000a5900000, 0x00000000a5a00000|  0%| F|  |TAMS 0x00000000a5900000, 0x00000000a5900000| Untracked 
|  34|0x00000000a5a00000, 0x00000000a5a00000, 0x00000000a5b00000|  0%| F|  |TAMS 0x00000000a5a00000, 0x00000000a5a00000| Untracked 
|  35|0x00000000a5b00000, 0x00000000a5b00000, 0x00000000a5c00000|  0%| F|  |TAMS 0x00000000a5b00000, 0x00000000a5b00000| Untracked 
|  36|0x00000000a5c00000, 0x00000000a5c00000, 0x00000000a5d00000|  0%| F|  |TAMS 0x00000000a5c00000, 0x00000000a5c00000| Untracked 
|  37|0x00000000a5d00000, 0x00000000a5d00000, 0x00000000a5e00000|  0%| F|  |TAMS 0x00000000a5d00000, 0x00000000a5d00000| Untracked 
|  38|0x00000000a5e00000, 0x00000000a5e00000, 0x00000000a5f00000|  0%| F|  |TAMS 0x00000000a5e00000, 0x00000000a5e00000| Untracked 
|  39|0x00000000a5f00000, 0x00000000a5f00000, 0x00000000a6000000|  0%| F|  |TAMS 0x00000000a5f00000, 0x00000000a5f00000| Untracked 
|  40|0x00000000a6000000, 0x00000000a6000000, 0x00000000a6100000|  0%| F|  |TAMS 0x00000000a6000000, 0x00000000a6000000| Untracked 
|  41|0x00000000a6100000, 0x00000000a6100000, 0x00000000a6200000|  0%| F|  |TAMS 0x00000000a6100000, 0x00000000a6100000| Untracked 
|  42|0x00000000a6200000, 0x00000000a6200000, 0x00000000a6300000|  0%| F|  |TAMS 0x00000000a6200000, 0x00000000a6200000| Untracked 
|  43|0x00000000a6300000, 0x00000000a6300000, 0x00000000a6400000|  0%| F|  |TAMS 0x00000000a6300000, 0x00000000a6300000| Untracked 
|  44|0x00000000a6400000, 0x00000000a6400000, 0x00000000a6500000|  0%| F|  |TAMS 0x00000000a6400000, 0x00000000a6400000| Untracked 
|  45|0x00000000a6500000, 0x00000000a6500000, 0x00000000a6600000|  0%| F|  |TAMS 0x00000000a6500000, 0x00000000a6500000| Untracked 
|  46|0x00000000a6600000, 0x00000000a6600000, 0x00000000a6700000|  0%| F|  |TAMS 0x00000000a6600000, 0x00000000a6600000| Untracked 
|  47|0x00000000a6700000, 0x00000000a6700000, 0x00000000a6800000|  0%| F|  |TAMS 0x00000000a6700000, 0x00000000a6700000| Untracked 
|  48|0x00000000a6800000, 0x00000000a6800000, 0x00000000a6900000|  0%| F|  |TAMS 0x00000000a6800000, 0x00000000a6800000| Untracked 
|  49|0x00000000a6900000, 0x00000000a6900000, 0x00000000a6a00000|  0%| F|  |TAMS 0x00000000a6900000, 0x00000000a6900000| Untracked 
|  50|0x00000000a6a00000, 0x00000000a6a00000, 0x00000000a6b00000|  0%| F|  |TAMS 0x00000000a6a00000, 0x00000000a6a00000| Untracked 
|  51|0x00000000a6b00000, 0x00000000a6b00000, 0x00000000a6c00000|  0%| F|  |TAMS 0x00000000a6b00000, 0x00000000a6b00000| Untracked 
|  52|0x00000000a6c00000, 0x00000000a6c00000, 0x00000000a6d00000|  0%| F|  |TAMS 0x00000000a6c00000, 0x00000000a6c00000| Untracked 
|  53|0x00000000a6d00000, 0x00000000a6d00000, 0x00000000a6e00000|  0%| F|  |TAMS 0x00000000a6d00000, 0x00000000a6d00000| Untracked 
|  54|0x00000000a6e00000, 0x00000000a6e00000, 0x00000000a6f00000|  0%| F|  |TAMS 0x00000000a6e00000, 0x00000000a6e00000| Untracked 
|  55|0x00000000a6f00000, 0x00000000a6f00000, 0x00000000a7000000|  0%| F|  |TAMS 0x00000000a6f00000, 0x00000000a6f00000| Untracked 
|  56|0x00000000a7000000, 0x00000000a7000000, 0x00000000a7100000|  0%| F|  |TAMS 0x00000000a7000000, 0x00000000a7000000| Untracked 
|  57|0x00000000a7100000, 0x00000000a7100000, 0x00000000a7200000|  0%| F|  |TAMS 0x00000000a7100000, 0x00000000a7100000| Untracked 
|  58|0x00000000a7200000, 0x00000000a7200000, 0x00000000a7300000|  0%| F|  |TAMS 0x00000000a7200000, 0x00000000a7200000| Untracked 
|  59|0x00000000a7300000, 0x00000000a7300000, 0x00000000a7400000|  0%| F|  |TAMS 0x00000000a7300000, 0x00000000a7300000| Untracked 
|  60|0x00000000a7400000, 0x00000000a7400000, 0x00000000a7500000|  0%| F|  |TAMS 0x00000000a7400000, 0x00000000a7400000| Untracked 
|  61|0x00000000a7500000, 0x00000000a7500000, 0x00000000a7600000|  0%| F|  |TAMS 0x00000000a7500000, 0x00000000a7500000| Untracked 
|  62|0x00000000a7600000, 0x00000000a7600000, 0x00000000a7700000|  0%| F|  |TAMS 0x00000000a7600000, 0x00000000a7600000| Untracked 
|  63|0x00000000a7700000, 0x00000000a7700000, 0x00000000a7800000|  0%| F|  |TAMS 0x00000000a7700000, 0x00000000a7700000| Untracked 
|  64|0x00000000a7800000, 0x00000000a7800000, 0x00000000a7900000|  0%| F|  |TAMS 0x00000000a7800000, 0x00000000a7800000| Untracked 
|  65|0x00000000a7900000, 0x00000000a7900000, 0x00000000a7a00000|  0%| F|  |TAMS 0x00000000a7900000, 0x00000000a7900000| Untracked 
|  66|0x00000000a7a00000, 0x00000000a7a00000, 0x00000000a7b00000|  0%| F|  |TAMS 0x00000000a7a00000, 0x00000000a7a00000| Untracked 
|  67|0x00000000a7b00000, 0x00000000a7b00000, 0x00000000a7c00000|  0%| F|  |TAMS 0x00000000a7b00000, 0x00000000a7b00000| Untracked 
|  68|0x00000000a7c00000, 0x00000000a7c00000, 0x00000000a7d00000|  0%| F|  |TAMS 0x00000000a7c00000, 0x00000000a7c00000| Untracked 
|  69|0x00000000a7d00000, 0x00000000a7d00000, 0x00000000a7e00000|  0%| F|  |TAMS 0x00000000a7d00000, 0x00000000a7d00000| Untracked 
|  70|0x00000000a7e00000, 0x00000000a7e00000, 0x00000000a7f00000|  0%| F|  |TAMS 0x00000000a7e00000, 0x00000000a7e00000| Untracked 
|  71|0x00000000a7f00000, 0x00000000a7f00000, 0x00000000a8000000|  0%| F|  |TAMS 0x00000000a7f00000, 0x00000000a7f00000| Untracked 
|  72|0x00000000a8000000, 0x00000000a8000000, 0x00000000a8100000|  0%| F|  |TAMS 0x00000000a8000000, 0x00000000a8000000| Untracked 
|  73|0x00000000a8100000, 0x00000000a8100000, 0x00000000a8200000|  0%| F|  |TAMS 0x00000000a8100000, 0x00000000a8100000| Untracked 
|  74|0x00000000a8200000, 0x00000000a8200000, 0x00000000a8300000|  0%| F|  |TAMS 0x00000000a8200000, 0x00000000a8200000| Untracked 
|  75|0x00000000a8300000, 0x00000000a8300000, 0x00000000a8400000|  0%| F|  |TAMS 0x00000000a8300000, 0x00000000a8300000| Untracked 
|  76|0x00000000a8400000, 0x00000000a8400000, 0x00000000a8500000|  0%| F|  |TAMS 0x00000000a8400000, 0x00000000a8400000| Untracked 
|  77|0x00000000a8500000, 0x00000000a8500000, 0x00000000a8600000|  0%| F|  |TAMS 0x00000000a8500000, 0x00000000a8500000| Untracked 
|  78|0x00000000a8600000, 0x00000000a8600000, 0x00000000a8700000|  0%| F|  |TAMS 0x00000000a8600000, 0x00000000a8600000| Untracked 
|  79|0x00000000a8700000, 0x00000000a8700000, 0x00000000a8800000|  0%| F|  |TAMS 0x00000000a8700000, 0x00000000a8700000| Untracked 
|  80|0x00000000a8800000, 0x00000000a8800000, 0x00000000a8900000|  0%| F|  |TAMS 0x00000000a8800000, 0x00000000a8800000| Untracked 
|  81|0x00000000a8900000, 0x00000000a8900000, 0x00000000a8a00000|  0%| F|  |TAMS 0x00000000a8900000, 0x00000000a8900000| Untracked 
|  82|0x00000000a8a00000, 0x00000000a8a00000, 0x00000000a8b00000|  0%| F|  |TAMS 0x00000000a8a00000, 0x00000000a8a00000| Untracked 
|  83|0x00000000a8b00000, 0x00000000a8b00000, 0x00000000a8c00000|  0%| F|  |TAMS 0x00000000a8b00000, 0x00000000a8b00000| Untracked 
|  84|0x00000000a8c00000, 0x00000000a8c00000, 0x00000000a8d00000|  0%| F|  |TAMS 0x00000000a8c00000, 0x00000000a8c00000| Untracked 
|  85|0x00000000a8d00000, 0x00000000a8d00000, 0x00000000a8e00000|  0%| F|  |TAMS 0x00000000a8d00000, 0x00000000a8d00000| Untracked 
|  86|0x00000000a8e00000, 0x00000000a8e00000, 0x00000000a8f00000|  0%| F|  |TAMS 0x00000000a8e00000, 0x00000000a8e00000| Untracked 
|  87|0x00000000a8f00000, 0x00000000a8f00000, 0x00000000a9000000|  0%| F|  |TAMS 0x00000000a8f00000, 0x00000000a8f00000| Untracked 
|  88|0x00000000a9000000, 0x00000000a9000000, 0x00000000a9100000|  0%| F|  |TAMS 0x00000000a9000000, 0x00000000a9000000| Untracked 
|  89|0x00000000a9100000, 0x00000000a9100000, 0x00000000a9200000|  0%| F|  |TAMS 0x00000000a9100000, 0x00000000a9100000| Untracked 
|  90|0x00000000a9200000, 0x00000000a9200000, 0x00000000a9300000|  0%| F|  |TAMS 0x00000000a9200000, 0x00000000a9200000| Untracked 
|  91|0x00000000a9300000, 0x00000000a9300000, 0x00000000a9400000|  0%| F|  |TAMS 0x00000000a9300000, 0x00000000a9300000| Untracked 
|  92|0x00000000a9400000, 0x00000000a9400000, 0x00000000a9500000|  0%| F|  |TAMS 0x00000000a9400000, 0x00000000a9400000| Untracked 
|  93|0x00000000a9500000, 0x00000000a9600000, 0x00000000a9600000|100%| E|  |TAMS 0x00000000a9500000, 0x00000000a9500000| Complete 
|1478|0x00000000ffe00000, 0x00000000ffe48000, 0x00000000fff00000| 28%|OA|  |TAMS 0x00000000ffe00000, 0x00000000ffe00000| Untracked 
|1479|0x00000000fff00000, 0x00000000fff6c000, 0x0000000100000000| 42%|CA|  |TAMS 0x00000000fff00000, 0x00000000fff00000| Untracked 

Card table byte_map: [0x00007f02363df000,0x00007f02366c3000] _byte_map_base: 0x00007f0235ec3000

Marking Bits (Prev, Next): (CMBitMap*) 0x00007f023004e558, (CMBitMap*) 0x00007f023004e590
 Prev Bits: [0x00007f02349db000, 0x00007f02360fb000)
 Next Bits: [0x00007f02128e0000, 0x00007f0214000000)

Polling page: 0x00007f02374a5000

Metaspace:

Usage:
  Non-class:      4.01 MB capacity,   151.89 KB (  4%) used,     3.86 MB ( 96%) free+waste,   192 bytes ( <1%) overhead. 
      Class:    386.00 KB capacity,     6.22 KB (  2%) used,   379.66 KB ( 98%) free+waste,   128 bytes ( <1%) overhead. 
       Both:      4.38 MB capacity,   158.11 KB (  4%) used,     4.23 MB ( 96%) free+waste,   320 bytes ( <1%) overhead. 

Virtual space:
  Non-class space:        8.00 MB reserved,       4.25 MB ( 53%) committed 
      Class space:        1.00 GB reserved,     512.00 KB ( <1%) committed 
             Both:        1.01 GB reserved,       4.75 MB ( <1%) committed 

Chunk freelists:
   Non-Class:  0 bytes
       Class:  0 bytes
        Both:  0 bytes

MaxMetaspaceSize: unlimited
CompressedClassSpaceSize: 1.00 GB
Initial GC threshold: 20.80 MB
Current GC threshold: 20.80 MB
CDS: on

CodeHeap 'non-profiled nmethods': size=120032Kb used=17Kb max_used=17Kb free=120014Kb
 bounds [0x00007f02202a6000, 0x00007f0220516000, 0x00007f02277de000]
CodeHeap 'profiled nmethods': size=120028Kb used=55Kb max_used=55Kb free=119972Kb
 bounds [0x00007f0218d6f000, 0x00007f0218fdf000, 0x00007f02202a6000]
CodeHeap 'non-nmethods': size=5700Kb used=1017Kb max_used=1032Kb free=4682Kb
 bounds [0x00007f02187de000, 0x00007f0218a4e000, 0x00007f0218d6f000]
 total_blobs=283 nmethods=41 adapters=157
 compilation: enabled
              stopped_count=0, restarted_count=0
 full_count=0

Compilation events (20 events):
Event: 0.518 Thread 0x00007f0230107800 nmethod 33 0x00007f0218d79790 code [0x00007f0218d79980, 0x00007f0218d79d50]
Event: 0.518 Thread 0x00007f0230107800   34       3       java.lang.StringLatin1::charAt (28 bytes)
Event: 0.519 Thread 0x00007f0230107800 nmethod 34 0x00007f0218d79e90 code [0x00007f0218d7a060, 0x00007f0218d7a240]
Event: 0.519 Thread 0x00007f0230107800   31       1       java.lang.Module::getDescriptor (5 bytes)
Event: 0.520 Thread 0x00007f0230107800 nmethod 31 0x00007f02202a7f10 code [0x00007f02202a80c0, 0x00007f02202a8190]
Event: 0.520 Thread 0x00007f0230107800   26       1       java.lang.module.ModuleDescriptor$Exports::targets (5 bytes)
Event: 0.520 Thread 0x00007f0230107800 nmethod 26 0x00007f02202a8210 code [0x00007f02202a83c0, 0x00007f02202a8490]
Event: 0.542 Thread 0x00007f0230107800   35       3       java.lang.String::equals (65 bytes)
Event: 0.546 Thread 0x00007f0230107800 nmethod 35 0x00007f0218d7a310 code [0x00007f0218d7a520, 0x00007f0218d7ab90]
Event: 0.547 Thread 0x00007f0230107800   36       3       java.lang.String::length (11 bytes)
Event: 0.548 Thread 0x00007f0230107800 nmethod 36 0x00007f0218d7ad10 code [0x00007f0218d7aec0, 0x00007f0218d7b070]
Event: 0.548 Thread 0x00007f0230107800   37       3       java.lang.StringLatin1::equals (36 bytes)
Event: 0.550 Thread 0x00007f0230107800 nmethod 37 0x00007f0218d7b190 code [0x00007f0218d7b360, 0x00007f0218d7b5b0]
Event: 0.558 Thread 0x00007f0230107800   38       3       com.example.sudoku.Sudoku$SudokuBoard::partial_verify (139 bytes)
Event: 0.562 Thread 0x00007f0230107800 nmethod 38 0x00007f0218d7b710 code [0x00007f0218d7b920, 0x00007f0218d7bf30]
Event: 0.563 Thread 0x00007f0230107800   39       3       com.example.sudoku.Sudoku$SudokuBoard::solve (104 bytes)
Event: 0.566 Thread 0x00007f0230105800   40       4       com.example.sudoku.Sudoku$SudokuBoard::partial_verify (139 bytes)
Event: 0.566 Thread 0x00007f0230107800 nmethod 39 0x00007f0218d7c310 code [0x00007f0218d7c520, 0x00007f0218d7cac0]
Event: 0.650 Thread 0x00007f0230105800 nmethod 40 0x00007f02202a8510 code [0x00007f02202a86a0, 0x00007f02202a8938]
Event: 0.651 Thread 0x00007f0230105800   41       4       com.example.sudoku.Sudoku$SudokuBoard::solve (104 bytes)

GC Heap History (0 events):
No events

Deoptimization events (0 events):
No events

Classes redefined (0 events):
No events

Internal exceptions (0 events):
No events

Events (20 events):
Event: 0.304 Thread 0x00007f0230107800 Thread added: 0x00007f0230107800
Event: 0.304 Protecting memory [0x00007f01f3917000,0x00007f01f391b000] with protection modes 0
Event: 0.305 Thread 0x00007f0230109800 Thread added: 0x00007f0230109800
Event: 0.305 Protecting memory [0x00007f01f3817000,0x00007f01f381b000] with protection modes 0
Event: 0.481 Executing VM operation: EnableBiasedLocking
Event: 0.483 Executing VM operation: EnableBiasedLocking done
Event: 0.484 loading class jdk/internal/vm/PostVMInitHook
Event: 0.484 loading class jdk/internal/vm/PostVMInitHook done
Event: 0.494 loading class com/example/sudoku/Sudoku
Event: 0.494 loading class com/example/sudoku/Sudoku done
Event: 0.502 loading class jdk/internal/loader/URLClassPath$FileLoader
Event: 0.509 loading class jdk/internal/loader/URLClassPath$FileLoader done
Event: 0.516 loading class jdk/internal/loader/URLClassPath$FileLoader$1
Event: 0.517 loading class jdk/internal/loader/URLClassPath$FileLoader$1 done
Event: 0.526 Thread 0x00007f0230175800 Thread added: 0x00007f0230175800
Event: 0.526 Protecting memory [0x00007f01f3616000,0x00007f01f361a000] with protection modes 0
Event: 0.526 Executing VM operation: RevokeBias
Event: 0.528 Executing VM operation: RevokeBias done
Event: 0.546 loading class com/example/sudoku/Sudoku$SudokuBoard
Event: 0.546 loading class com/example/sudoku/Sudoku$SudokuBoard done


Dynamic libraries:
a3800000-a9600000 rw-p 00000000 00:00 0 
a9600000-ffe00000 ---p 00000000 00:00 0 
ffe00000-ffe48000 rw-p 00b13000 fd:00 535790                             /usr/lib/jvm/java-11-openjdk-amd64/lib/server/classes.jsa
ffe48000-fff00000 rw-p 00000000 00:00 0 
fff00000-fff6c000 rw-p 00aa7000 fd:00 535790                             /usr/lib/jvm/java-11-openjdk-amd64/lib/server/classes.jsa
fff6c000-100000000 rw-p 00000000 00:00 0 
800000000-800002000 rwxp 00001000 fd:00 535790                           /usr/lib/jvm/java-11-openjdk-amd64/lib/server/classes.jsa
800002000-8003ce000 rw-p 00003000 fd:00 535790                           /usr/lib/jvm/java-11-openjdk-amd64/lib/server/classes.jsa
8003ce000-800aa5000 r--p 003cf000 fd:00 535790                           /usr/lib/jvm/java-11-openjdk-amd64/lib/server/classes.jsa
800aa5000-800aa6000 rw-p 00aa6000 fd:00 535790                           /usr/lib/jvm/java-11-openjdk-amd64/lib/server/classes.jsa
840000000-840080000 rw-p 00000000 00:00 0 
840080000-880000000 ---p 00000000 00:00 0 
5622d3f96000-5622d3f97000 r--p 00000000 fd:00 551733                     /usr/lib/jvm/java-11-openjdk-amd64/bin/java
5622d3f97000-5622d3f98000 r-xp 00001000 fd:00 551733                     /usr/lib/jvm/java-11-openjdk-amd64/bin/java
5622d3f98000-5622d3f99000 r--p 00002000 fd:00 551733                     /usr/lib/jvm/java-11-openjdk-amd64/bin/java
5622d3f99000-5622d3f9a000 r--p 00002000 fd:00 551733                     /usr/lib/jvm/java-11-openjdk-amd64/bin/java
5622d3f9a000-5622d3f9b000 rw-p 00003000 fd:00 551733                     /usr/lib/jvm/java-11-openjdk-amd64/bin/java
5622d5352000-5622d5373000 rw-p 00000000 00:00 0                          [heap]
7f01d4000000-7f01d4021000 rw-p 00000000 00:00 0 
7f01d4021000-7f01d8000000 ---p 00000000 00:00 0 
7f01d8000000-7f01d8021000 rw-p 00000000 00:00 0 
7f01d8021000-7f01dc000000 ---p 00000000 00:00 0 
7f01dc000000-7f01dc04e000 rw-p 00000000 00:00 0 
7f01dc04e000-7f01e0000000 ---p 00000000 00:00 0 
7f01e0000000-7f01e0021000 rw-p 00000000 00:00 0 
7f01e0021000-7f01e4000000 ---p 00000000 00:00 0 
7f01e4000000-7f01e4021000 rw-p 00000000 00:00 0 
7f01e4021000-7f01e8000000 ---p 00000000 00:00 0 
7f01e8000000-7f01e832f000 rw-p 00000000 00:00 0 
7f01e832f000-7f01ec000000 ---p 00000000 00:00 0 
7f01ec000000-7f01ec021000 rw-p 00000000 00:00 0 
7f01ec021000-7f01f0000000 ---p 00000000 00:00 0 
7f01f3616000-7f01f361a000 ---p 00000000 00:00 0 
7f01f361a000-7f01f3716000 rw-p 00000000 00:00 0 
7f01f3716000-7f01f3717000 ---p 00000000 00:00 0 
7f01f3717000-7f01f3817000 rw-p 00000000 00:00 0 
7f01f3817000-7f01f381b000 ---p 00000000 00:00 0 
7f01f381b000-7f01f3917000 rw-p 00000000 00:00 0 
7f01f3917000-7f01f391b000 ---p 00000000 00:00 0 
7f01f391b000-7f01f3a17000 rw-p 00000000 00:00 0 
7f01f3a17000-7f01f3a1b000 ---p 00000000 00:00 0 
7f01f3a1b000-7f01f3b17000 rw-p 00000000 00:00 0 
7f01f3b17000-7f01f3b1b000 ---p 00000000 00:00 0 
7f01f3b1b000-7f01f3c17000 rw-p 00000000 00:00 0 
7f01f3c17000-7f01f3c1b000 ---p 00000000 00:00 0 
7f01f3c1b000-7f01f3d17000 rw-p 00000000 00:00 0 
7f01f3d17000-7f01f4000000 r--p 00000000 fd:00 538438                     /usr/lib/locale/locale-archive
7f01f4000000-7f01f4021000 rw-p 00000000 00:00 0 
7f01f4021000-7f01f8000000 ---p 00000000 00:00 0 
7f01f8000000-7f01f8021000 rw-p 00000000 00:00 0 
7f01f8021000-7f01fc000000 ---p 00000000 00:00 0 
7f01fc000000-7f01fc021000 rw-p 00000000 00:00 0 
7f01fc021000-7f0200000000 ---p 00000000 00:00 0 
7f0200000000-7f0200021000 rw-p 00000000 00:00 0 
7f0200021000-7f0204000000 ---p 00000000 00:00 0 
7f0204000000-7f0204021000 rw-p 00000000 00:00 0 
7f0204021000-7f0208000000 ---p 00000000 00:00 0 
7f0208000000-7f0208021000 rw-p 00000000 00:00 0 
7f0208021000-7f020c000000 ---p 00000000 00:00 0 
7f020c000000-7f020c021000 rw-p 00000000 00:00 0 
7f020c021000-7f0210000000 ---p 00000000 00:00 0 
7f02100e0000-7f0210520000 rw-p 00000000 00:00 0 
7f0210520000-7f02108e0000 ---p 00000000 00:00 0 
7f02108e0000-7f0212a58000 rw-p 00000000 00:00 0 
7f0212a58000-7f0213ff8000 ---p 00000000 00:00 0 
7f0213ff8000-7f0214000000 rw-p 00000000 00:00 0 
7f0214000000-7f0214021000 rw-p 00000000 00:00 0 
7f0214021000-7f0218000000 ---p 00000000 00:00 0 
7f02180fe000-7f0218102000 ---p 00000000 00:00 0 
7f0218102000-7f02181fe000 rw-p 00000000 00:00 0 
7f02181fe000-7f0218202000 ---p 00000000 00:00 0 
7f0218202000-7f02182fe000 rw-p 00000000 00:00 0 
7f02182fe000-7f02182ff000 ---p 00000000 00:00 0 
7f02182ff000-7f02184db000 rw-p 00000000 00:00 0 
7f02184db000-7f02184dc000 ---p 00000000 00:00 0 
7f02184dc000-7f02185dc000 rw-p 00000000 00:00 0 
7f02185dc000-7f02185dd000 ---p 00000000 00:00 0 
7f02185dd000-7f02187de000 rw-p 00000000 00:00 0 
7f02187de000-7f0218a4e000 rwxp 00000000 00:00 0 
7f0218a4e000-7f0218d6f000 ---p 00000000 00:00 0 
7f0218d6f000-7f0218fdf000 rwxp 00000000 00:00 0 
7f0218fdf000-7f02202a6000 ---p 00000000 00:00 0 
7f02202a6000-7f0220516000 rwxp 00000000 00:00 0 
7f0220516000-7f02277de000 ---p 00000000 00:00 0 
7f02277de000-7f0230000000 r--s 00000000 fd:00 551811                     /usr/lib/jvm/java-11-openjdk-amd64/lib/modules
7f0230000000-7f023017d000 rw-p 00000000 00:00 0 
7f023017d000-7f0234000000 ---p 00000000 00:00 0 
7f0234001000-7f0234008000 r--s 00000000 fd:00 557850                     /usr/lib/x86_64-linux-gnu/gconv/gconv-modules.cache
7f0234008000-7f0234779000 rw-p 00000000 00:00 0 
7f0234779000-7f023477a000 ---p 00000000 00:00 0 
7f023477a000-7f023487a000 rw-p 00000000 00:00 0 
7f023487a000-7f023487b000 ---p 00000000 00:00 0 
7f023487b000-7f0234b53000 rw-p 00000000 00:00 0 
7f0234b53000-7f02360f3000 ---p 00000000 00:00 0 
7f02360f3000-7f023612a000 rw-p 00000000 00:00 0 
7f023612a000-7f02363de000 ---p 00000000 00:00 0 
7f02363de000-7f023640e000 rw-p 00000000 00:00 0 
7f023640e000-7f02366c2000 ---p 00000000 00:00 0 
7f02366c2000-7f02366f2000 rw-p 00000000 00:00 0 
7f02366f2000-7f02369a6000 ---p 00000000 00:00 0 
7f02369a6000-7f02371af000 rw-p 00000000 00:00 0 
7f02371af000-7f02371b0000 ---p 00000000 00:00 0 
7f02371b0000-7f02372b5000 rw-p 00000000 00:00 0 
7f02372b5000-7f023739b000 ---p 00000000 00:00 0 
7f023739b000-7f02373a0000 rw-p 00000000 00:00 0 
7f02373a0000-7f0237486000 ---p 00000000 00:00 0 
7f0237486000-7f023748b000 rw-p 00000000 00:00 0 
7f023748b000-7f0237492000 ---p 00000000 00:00 0 
7f0237492000-7f0237494000 r--p 00000000 fd:00 551810                     /usr/lib/jvm/java-11-openjdk-amd64/lib/libzip.so
7f0237494000-7f0237499000 r-xp 00002000 fd:00 551810                     /usr/lib/jvm/java-11-openjdk-amd64/lib/libzip.so
7f0237499000-7f023749b000 r--p 00007000 fd:00 551810                     /usr/lib/jvm/java-11-openjdk-amd64/lib/libzip.so
7f023749b000-7f023749c000 r--p 00008000 fd:00 551810                     /usr/lib/jvm/java-11-openjdk-amd64/lib/libzip.so
7f023749c000-7f023749d000 rw-p 00009000 fd:00 551810                     /usr/lib/jvm/java-11-openjdk-amd64/lib/libzip.so
7f023749d000-7f02374a5000 rw-s 00000000 fd:00 3407909                    /tmp/hsperfdata_sadman/66799
7f02374a5000-7f02374a6000 ---p 00000000 00:00 0 
7f02374a6000-7f02374a7000 r--p 00000000 00:00 0 
7f02374a7000-7f02374b5000 r--p 00000000 fd:00 551790                     /usr/lib/jvm/java-11-openjdk-amd64/lib/libjava.so
7f02374b5000-7f02374cb000 r-xp 0000e000 fd:00 551790                     /usr/lib/jvm/java-11-openjdk-amd64/lib/libjava.so
7f02374cb000-7f02374d2000 r--p 00024000 fd:00 551790                     /usr/lib/jvm/java-11-openjdk-amd64/lib/libjava.so
7f02374d2000-7f02374d3000 r--p 0002a000 fd:00 551790                     /usr/lib/jvm/java-11-openjdk-amd64/lib/libjava.so
7f02374d3000-7f02374d4000 rw-p 0002b000 fd:00 551790                     /usr/lib/jvm/java-11-openjdk-amd64/lib/libjava.so
7f02374d4000-7f02374d5000 rw-p 00000000 00:00 0 
7f02374d5000-7f02374da000 r--p 00000000 fd:00 551809                     /usr/lib/jvm/java-11-openjdk-amd64/lib/libverify.so
7f02374da000-7f02374e1000 r-xp 00005000 fd:00 551809                     /usr/lib/jvm/java-11-openjdk-amd64/lib/libverify.so
7f02374e1000-7f02374e3000 r--p 0000c000 fd:00 551809                     /usr/lib/jvm/java-11-openjdk-amd64/lib/libverify.so
7f02374e3000-7f02374e5000 r--p 0000d000 fd:00 551809                     /usr/lib/jvm/java-11-openjdk-amd64/lib/libverify.so
7f02374e5000-7f02374e6000 rw-p 0000f000 fd:00 551809                     /usr/lib/jvm/java-11-openjdk-amd64/lib/libverify.so
7f02374e6000-7f02374e7000 r--p 00000000 fd:00 557598                     /usr/lib/x86_64-linux-gnu/librt.so.1
7f02374e7000-7f02374e8000 r-xp 00001000 fd:00 557598                     /usr/lib/x86_64-linux-gnu/librt.so.1
7f02374e8000-7f02374e9000 r--p 00002000 fd:00 557598                     /usr/lib/x86_64-linux-gnu/librt.so.1
7f02374e9000-7f02374ea000 r--p 00002000 fd:00 557598                     /usr/lib/x86_64-linux-gnu/librt.so.1
7f02374ea000-7f02374eb000 rw-p 00003000 fd:00 557598                     /usr/lib/x86_64-linux-gnu/librt.so.1
7f02374eb000-7f02374ef000 ---p 00000000 00:00 0 
7f02374ef000-7f02375eb000 rw-p 00000000 00:00 0 
7f02375eb000-7f02375ee000 r--p 00000000 fd:00 535439                     /usr/lib/x86_64-linux-gnu/libgcc_s.so.1
7f02375ee000-7f0237605000 r-xp 00003000 fd:00 535439                     /usr/lib/x86_64-linux-gnu/libgcc_s.so.1
7f0237605000-7f0237609000 r--p 0001a000 fd:00 535439                     /usr/lib/x86_64-linux-gnu/libgcc_s.so.1
7f0237609000-7f023760a000 r--p 0001d000 fd:00 535439                     /usr/lib/x86_64-linux-gnu/libgcc_s.so.1
7f023760a000-7f023760b000 rw-p 0001e000 fd:00 535439                     /usr/lib/x86_64-linux-gnu/libgcc_s.so.1
7f023760b000-7f0237619000 r--p 00000000 fd:00 557587                     /usr/lib/x86_64-linux-gnu/libm.so.6
7f0237619000-7f0237695000 r-xp 0000e000 fd:00 557587                     /usr/lib/x86_64-linux-gnu/libm.so.6
7f0237695000-7f02376f0000 r--p 0008a000 fd:00 557587                     /usr/lib/x86_64-linux-gnu/libm.so.6
7f02376f0000-7f02376f1000 r--p 000e4000 fd:00 557587                     /usr/lib/x86_64-linux-gnu/libm.so.6
7f02376f1000-7f02376f2000 rw-p 000e5000 fd:00 557587                     /usr/lib/x86_64-linux-gnu/libm.so.6
7f02376f2000-7f023778c000 r--p 00000000 fd:00 535597                     /usr/lib/x86_64-linux-gnu/libstdc++.so.6.0.30
7f023778c000-7f023789d000 r-xp 0009a000 fd:00 535597                     /usr/lib/x86_64-linux-gnu/libstdc++.so.6.0.30
7f023789d000-7f023790c000 r--p 001ab000 fd:00 535597                     /usr/lib/x86_64-linux-gnu/libstdc++.so.6.0.30
7f023790c000-7f023790d000 ---p 0021a000 fd:00 535597                     /usr/lib/x86_64-linux-gnu/libstdc++.so.6.0.30
7f023790d000-7f0237918000 r--p 0021a000 fd:00 535597                     /usr/lib/x86_64-linux-gnu/libstdc++.so.6.0.30
7f0237918000-7f023791b000 rw-p 00225000 fd:00 535597                     /usr/lib/x86_64-linux-gnu/libstdc++.so.6.0.30
7f023791b000-7f023791e000 rw-p 00000000 00:00 0 
7f023791e000-7f0237ba0000 r--p 00000000 fd:00 551814                     /usr/lib/jvm/java-11-openjdk-amd64/lib/server/libjvm.so
7f0237ba0000-7f023883d000 r-xp 00282000 fd:00 551814                     /usr/lib/jvm/java-11-openjdk-amd64/lib/server/libjvm.so
7f023883d000-7f0238a98000 r--p 00f1f000 fd:00 551814                     /usr/lib/jvm/java-11-openjdk-amd64/lib/server/libjvm.so
7f0238a98000-7f0238a99000 ---p 0117a000 fd:00 551814                     /usr/lib/jvm/java-11-openjdk-amd64/lib/server/libjvm.so
7f0238a99000-7f0238b5d000 r--p 0117a000 fd:00 551814                     /usr/lib/jvm/java-11-openjdk-amd64/lib/server/libjvm.so
7f0238b5d000-7f0238b98000 rw-p 0123e000 fd:00 551814                     /usr/lib/jvm/java-11-openjdk-amd64/lib/server/libjvm.so
7f0238b98000-7f0238bf1000 rw-p 00000000 00:00 0 
7f0238bf1000-7f0238c19000 r--p 00000000 fd:00 557584                     /usr/lib/x86_64-linux-gnu/libc.so.6
7f0238c19000-7f0238dae000 r-xp 00028000 fd:00 557584                     /usr/lib/x86_64-linux-gnu/libc.so.6
7f0238dae000-7f0238e06000 r--p 001bd000 fd:00 557584                     /usr/lib/x86_64-linux-gnu/libc.so.6
7f0238e06000-7f0238e0a000 r--p 00214000 fd:00 557584                     /usr/lib/x86_64-linux-gnu/libc.so.6
7f0238e0a000-7f0238e0c000 rw-p 00218000 fd:00 557584                     /usr/lib/x86_64-linux-gnu/libc.so.6
7f0238e0c000-7f0238e19000 rw-p 00000000 00:00 0 
7f0238e19000-7f0238e1c000 r--p 00000000 fd:00 551775                     /usr/lib/jvm/java-11-openjdk-amd64/lib/jli/libjli.so
7f0238e1c000-7f0238e26000 r-xp 00003000 fd:00 551775                     /usr/lib/jvm/java-11-openjdk-amd64/lib/jli/libjli.so
7f0238e26000-7f0238e29000 r--p 0000d000 fd:00 551775                     /usr/lib/jvm/java-11-openjdk-amd64/lib/jli/libjli.so
7f0238e29000-7f0238e2a000 ---p 00010000 fd:00 551775                     /usr/lib/jvm/java-11-openjdk-amd64/lib/jli/libjli.so
7f0238e2a000-7f0238e2b000 r--p 00010000 fd:00 551775                     /usr/lib/jvm/java-11-openjdk-amd64/lib/jli/libjli.so
7f0238e2b000-7f0238e2c000 rw-p 00011000 fd:00 551775                     /usr/lib/jvm/java-11-openjdk-amd64/lib/jli/libjli.so
7f0238e2c000-7f0238e2e000 r--p 00000000 fd:00 535647                     /usr/lib/x86_64-linux-gnu/libz.so.1.2.11
7f0238e2e000-7f0238e3f000 r-xp 00002000 fd:00 535647                     /usr/lib/x86_64-linux-gnu/libz.so.1.2.11
7f0238e3f000-7f0238e45000 r--p 00013000 fd:00 535647                     /usr/lib/x86_64-linux-gnu/libz.so.1.2.11
7f0238e45000-7f0238e46000 ---p 00019000 fd:00 535647                     /usr/lib/x86_64-linux-gnu/libz.so.1.2.11
7f0238e46000-7f0238e47000 r--p 00019000 fd:00 535647                     /usr/lib/x86_64-linux-gnu/libz.so.1.2.11
7f0238e47000-7f0238e48000 rw-p 0001a000 fd:00 535647                     /usr/lib/x86_64-linux-gnu/libz.so.1.2.11
7f0238e48000-7f0238e4a000 r--p 00000000 fd:00 551793                     /usr/lib/jvm/java-11-openjdk-amd64/lib/libjimage.so
7f0238e4a000-7f0238e4d000 r-xp 00002000 fd:00 551793                     /usr/lib/jvm/java-11-openjdk-amd64/lib/libjimage.so
7f0238e4d000-7f0238e4e000 r--p 00005000 fd:00 551793                     /usr/lib/jvm/java-11-openjdk-amd64/lib/libjimage.so
7f0238e4e000-7f0238e4f000 ---p 00006000 fd:00 551793                     /usr/lib/jvm/java-11-openjdk-amd64/lib/libjimage.so
7f0238e4f000-7f0238e50000 r--p 00006000 fd:00 551793                     /usr/lib/jvm/java-11-openjdk-amd64/lib/libjimage.so
7f0238e50000-7f0238e51000 rw-p 00007000 fd:00 551793                     /usr/lib/jvm/java-11-openjdk-amd64/lib/libjimage.so
7f0238e51000-7f0238e53000 rw-p 00000000 00:00 0 
7f0238e53000-7f0238e55000 r--p 00000000 fd:00 557581                     /usr/lib/x86_64-linux-gnu/ld-linux-x86-64.so.2
7f0238e55000-7f0238e7f000 r-xp 00002000 fd:00 557581                     /usr/lib/x86_64-linux-gnu/ld-linux-x86-64.so.2
7f0238e7f000-7f0238e8a000 r--p 0002c000 fd:00 557581                     /usr/lib/x86_64-linux-gnu/ld-linux-x86-64.so.2
7f0238e8b000-7f0238e8d000 r--p 00037000 fd:00 557581                     /usr/lib/x86_64-linux-gnu/ld-linux-x86-64.so.2
7f0238e8d000-7f0238e8f000 rw-p 00039000 fd:00 557581                     /usr/lib/x86_64-linux-gnu/ld-linux-x86-64.so.2
7ffdb4704000-7ffdb4726000 rw-p 00000000 00:00 0                          [stack]
7ffdb478b000-7ffdb478f000 r--p 00000000 00:00 0                          [vvar]
7ffdb478f000-7ffdb4791000 r-xp 00000000 00:00 0                          [vdso]
ffffffffff600000-ffffffffff601000 --xp 00000000 00:00 0                  [vsyscall]


VM Arguments:
java_command: com.example.sudoku.Sudoku 300600000500007000870090400080050000064000790000020030001040078000300002000005004
java_class_path (initial): .
Launcher Type: SUN_STANDARD

[Global flags]
     intx CICompilerCount                          = 4                                         {product} {ergonomic}
     uint ConcGCThreads                            = 2                                         {product} {ergonomic}
     uint G1ConcRefinementThreads                  = 8                                         {product} {ergonomic}
   size_t G1HeapRegionSize                         = 1048576                                   {product} {ergonomic}
    uintx GCDrainStackTargetSize                   = 64                                        {product} {ergonomic}
   size_t InitialHeapSize                          = 98566144                                  {product} {ergonomic}
   size_t MarkStackSize                            = 4194304                                   {product} {ergonomic}
   size_t MaxHeapSize                              = 1551892480                                {product} {ergonomic}
   size_t MaxNewSize                               = 931135488                                 {product} {ergonomic}
   size_t MinHeapDeltaBytes                        = 1048576                                   {product} {ergonomic}
    uintx NonNMethodCodeHeapSize                   = 5836300                                {pd product} {ergonomic}
    uintx NonProfiledCodeHeapSize                  = 122910970                              {pd product} {ergonomic}
    uintx ProfiledCodeHeapSize                     = 122910970                              {pd product} {ergonomic}
    uintx ReservedCodeCacheSize                    = 251658240                              {pd product} {ergonomic}
     bool SegmentedCodeCache                       = true                                      {product} {ergonomic}
     bool UseCompressedClassPointers               = true                                 {lp64_product} {ergonomic}
     bool UseCompressedOops                        = true                                 {lp64_product} {ergonomic}
     bool UseG1GC                                  = true                                      {product} {ergonomic}

Logging:
Log output configuration:
 #0: stdout all=warning uptime,level,tags
 #1: stderr all=off uptime,level,tags

Environment Variables:
JAVA_HOME=/usr/lib/jvm/java-11-openjdk-amd64
PATH=/home/sadman/software/hadoop/hadoop-3.3.6/bin:/home/sadman/.wasmtime/bin:/home/sadman/.wasmer/bin:/home/sadman/.wasienv/bin:/home/sadman/.local/bin:/home/sadman/.vscode-server/bin/1a5daa3a0231a0fbba4f14db7ec463cf99d7768e/bin/remote-cli:/home/sadman/.local/bin:/home/sadman/software/hadoop/hadoop-3.3.6/bin:/home/sadman/.wasmtime/bin:/home/sadman/.wasmedge/bin:/home/sadman/.wasmer/bin:/home/sadman/.wasienv/bin:/home/sadman/.local/bin:/home/sadman/.cargo/bin:/home/sadman/.local/bin:/usr/local/sbin:/usr/local/bin:/usr/sbin:/usr/bin:/sbin:/bin:/usr/games:/usr/local/games:/snap/bin:/opt/mellanox/grpc/bin:/opt/mellanox/grpc/bin
LD_LIBRARY_PATH=/home/sadman/.wasmedge/lib
SHELL=/bin/bash
LANG=en_US.UTF-8
TERM=xterm-256color

Signal Handlers:
SIGSEGV: [libjvm.so+0xead350], sa_mask[0]=11111111011111111101111111111110, sa_flags=SA_RESTART|SA_SIGINFO
SIGBUS: [libjvm.so+0xead350], sa_mask[0]=11111111011111111101111111111110, sa_flags=SA_RESTART|SA_SIGINFO
SIGFPE: [libjvm.so+0xead350], sa_mask[0]=11111111011111111101111111111110, sa_flags=SA_RESTART|SA_SIGINFO
SIGPIPE: [libjvm.so+0xbef750], sa_mask[0]=11111111011111111101111111111110, sa_flags=SA_RESTART|SA_SIGINFO
SIGXFSZ: [libjvm.so+0xbef750], sa_mask[0]=11111111011111111101111111111110, sa_flags=SA_RESTART|SA_SIGINFO
SIGILL: [libjvm.so+0xead350], sa_mask[0]=11111111011111111101111111111110, sa_flags=SA_RESTART|SA_SIGINFO
SIGUSR2: [libjvm.so+0xbef5f0], sa_mask[0]=00000000000000000000000000000000, sa_flags=SA_RESTART|SA_SIGINFO
SIGHUP: [libjvm.so+0xbefdb0], sa_mask[0]=11111111011111111101111111111110, sa_flags=SA_RESTART|SA_SIGINFO
SIGINT: [libjvm.so+0xbefdb0], sa_mask[0]=11111111011111111101111111111110, sa_flags=SA_RESTART|SA_SIGINFO
SIGTERM: [libjvm.so+0xbefdb0], sa_mask[0]=11111111011111111101111111111110, sa_flags=SA_RESTART|SA_SIGINFO
SIGQUIT: [libjvm.so+0xbefdb0], sa_mask[0]=11111111011111111101111111111110, sa_flags=SA_RESTART|SA_SIGINFO


---------------  S Y S T E M  ---------------

OS:DISTRIB_ID=Ubuntu
DISTRIB_RELEASE=22.04
DISTRIB_CODENAME=jammy
DISTRIB_DESCRIPTION="Ubuntu 22.04.3 LTS"
uname:Linux 5.15.0-89-generic #99-Ubuntu SMP Mon Oct 30 20:42:41 UTC 2023 x86_64
OS uptime: 0 days 9:42 hours
libc:glibc 2.35 NPTL 2.35 
rlimit (soft/hard): STACK 8192k/infinity , CORE 0k/infinity , NPROC 23216/23216 , NOFILE 1048576/1048576 , AS infinity/infinity , CPU infinity/infinity , DATA infinity/infinity , FSIZE infinity/infinity , MEMLOCK infinity/infinity
load average:0.99 0.90 0.81

/proc/meminfo:
MemTotal:        6059224 kB
MemFree:          145892 kB
MemAvailable:    1340228 kB
Buffers:           49076 kB
Cached:          1279736 kB
SwapCached:       179452 kB
Active:          1793072 kB
Inactive:        3676388 kB
Active(anon):     804428 kB
Inactive(anon):  3348940 kB
Active(file):     988644 kB
Inactive(file):   327448 kB
Unevictable:       31760 kB
Mlocked:           27760 kB
SwapTotal:       4194300 kB
SwapFree:        2519660 kB
Dirty:               168 kB
Writeback:             0 kB
AnonPages:       4036668 kB
Mapped:           149068 kB
Shmem:              7656 kB
KReclaimable:     179360 kB
Slab:             262656 kB
SReclaimable:     179360 kB
SUnreclaim:        83296 kB
KernelStack:        7632 kB
PageTables:        66252 kB
NFS_Unstable:          0 kB
Bounce:                0 kB
WritebackTmp:          0 kB
CommitLimit:     7223912 kB
Committed_AS:    5449536 kB
VmallocTotal:   34359738367 kB
VmallocUsed:       26892 kB
VmallocChunk:          0 kB
Percpu:             5216 kB
HardwareCorrupted:     0 kB
AnonHugePages:         0 kB
ShmemHugePages:        0 kB
ShmemPmdMapped:        0 kB
FileHugePages:         0 kB
FilePmdMapped:         0 kB
HugePages_Total:       0
HugePages_Free:        0
HugePages_Rsvd:        0
HugePages_Surp:        0
Hugepagesize:       2048 kB
Hugetlb:               0 kB
DirectMap4k:      207808 kB
DirectMap2M:     6080512 kB

/sys/kernel/mm/transparent_hugepage/enabled:
always [madvise] never
/sys/kernel/mm/transparent_hugepage/defrag (defrag/compaction efforts parameter):
always defer defer+madvise [madvise] never

Process Memory:
Virtual Size: 4171316K (peak: 12930388K)
Resident Set Size: 35944K (peak: 35944K) (anon: 10936K, file: 25008K, shmem: 0K)
Swapped out: 0K
C-Heap outstanding allocations: 22214K, retained: 2501K
glibc malloc tunables: (default)

/proc/sys/kernel/threads-max (system-wide limit on the number of threads):
46433
/proc/sys/vm/max_map_count (maximum number of memory map areas a process may have):
65530
/proc/sys/kernel/pid_max (system-wide limit on number of process identifiers):
4194304

container (cgroup) information:
container_type: cgroupv2
cpu_cpuset_cpus: not supported
cpu_memory_nodes: not supported
active_processor_count: 8
cpu_quota: not supported
cpu_period: not supported
cpu_shares: not supported
memory_limit_in_bytes: unlimited
memory_and_swap_limit_in_bytes: unlimited
memory_soft_limit_in_bytes: unlimited
memory_usage_in_bytes: 5086880 k
memory_max_usage_in_bytes: not supported
memory_swap_current_in_bytes: 1563164 k
memory_swap_max_limit_in_bytes: unlimited
maximum number of tasks: unlimited
current number of tasks: 202

Steal ticks since vm start: 0
Steal ticks percentage since vm start:  0.000

CPU:total 8 (initial active 8) (8 cores per cpu, 1 threads per core) family 15 model 107 stepping 1 microcode 0x1000065, cmov, cx8, fxsr, mmx, sse, sse2, sse3, tsc
CPU Model and flags from /proc/cpuinfo:
model name	: QEMU Virtual CPU version 2.5+
flags		: fpu de pse tsc msr pae mce cx8 apic sep mtrr pge mca cmov pat pse36 clflush mmx fxsr sse sse2 ht syscall nx lm rep_good nopl cpuid extd_apicid pni cx16 hypervisor lahf_lm cmp_legacy svm 3dnowprefetch vmmcall
Online cpus:
0-7
Offline cpus:

BIOS frequency limitation:
<Not Available>
Frequency switch latency (ns):
<Not Available>
Available cpu frequencies:
<Not Available>
Current governor:
<Not Available>
Core performance/turbo boost:
<Not Available>

Memory: 4k page, physical 6059224k(145892k free), swap 4194300k(2519660k free)

vm_info: OpenJDK 64-Bit Server VM (11.0.21+9-post-Ubuntu-0ubuntu122.04) for linux-amd64 JRE (11.0.21+9-post-Ubuntu-0ubuntu122.04), built on Oct 19 2023 08:41:03 by "unknown" with gcc 11.4.0

END.
